2019/11/01-16:19:17 TrustPayClient Java V3.3.2 交易开始==========================
2019/11/01-16:19:17 检查交易请求是否合法：
2019/11/01-16:19:17 正确
2019/11/01-16:19:17 交易报文：
2019/11/01-16:19:17 完整交易报文：
2019/11/01-16:19:17 签名后的报文：
2019/11/01-16:19:17 发送交易报文至线上支付平台：
2019/11/01-16:19:17 提交线上支付平台的报文：
                    {"Message":{"Version":"V3.0.0","Format":"JSON","Merchant":{"ECMerchantType":"EBUS","MerchantID":"103882200000958"},"TrxRequest":{"TrxType":"PayReq","PaymentType":"A","PaymentLinkType":"1","ReceiveAccount":"","ReceiveAccName":"","NotifyType":"0","ResultNotifyURL":"http://yourwebsite/appname/MerchantResult.jsp","MerchantRemarks":"","ReceiveMark":"","ReceiveMerchantType":"","IsBreakAccount":"0","SplitAccTemplate":"","Order":{"PayTypeID":"ImmediatePay","OrderDate":"2014/09/23","OrderTime":"11:55:30","orderTimeoutDate":"20141019104901","OrderNo":"ON20140924003","CurrencyCode":"156","OrderAmount":"2.00","Fee":"","AccountNo":"","OrderDesc":"","OrderURL":"","ReceiverAddress":"北京","InstallmentMark":"0","CommodityType":"0101","BuyIP":"","ExpiredDate":"30","OrderItems":[{"SubMerName":"测试二级商户1","SubMerId":"12345","SubMerMCC":"0000","SubMerchantRemarks":"测试","ProductID":"IP000001","ProductName":"中国移动IP卡","UnitPrice":"1.00","Qty":"1","ProductRemarks":"测试商品","ProductType":"充值类","ProductDiscount":"0.9","ProductExpiredDate":"10"},{"SubMerName":"测试二级商户1","SubMerId":"12345","SubMerMCC":"0000","SubMerchantRemarks":"测试","ProductID":"IP000001","ProductName":"中国联通IP卡","UnitPrice":"1.00","Qty":"2","ProductRemarks":"测试商品","ProductType":"充值类","ProductDiscount":"0.9","ProductExpiredDate":"10"}]}}},"Signature-Algorithm":"SHA1withRSA","Signature":"ngUCoUnwpLn1kXkQUQ3pJxJxzRSgB+UGSxV5Px8LRs8WuZFXk5eqOa+vnADU1PWUYkOysdzcedM8hHulPz9hNoFXaqzxttZ9y3rPqzyCceJK44/ZwWHfmvtVik1pJi+sxkXaBlNs/SlClZ5uPm+hm4uDXvrWFTi35eQLfP7XdDM="}
2019/11/01-16:19:17 报文长度：1599
2019/11/01-16:19:17 连线线上支付平台：成功
2019/11/01-16:19:17 提交交易报文：成功
2019/11/01-16:19:17 等待线上支付平台返回交易结果：成功
2019/11/01-16:19:17 返回报文：
                    HTTP/1.1 200 OKCache-Control: privateTransfer-Encoding: chunkedContent-Type: text/html; charset=gb2312Server: Microsoft-IIS/8.5X-AspNet-Version: 4.0.30319Set-Cookie: ASP.NET_SessionId=ds2aenobvpnvbu2ba5jaxh1a; path=/; HttpOnlyX-Powered-By: ASP.NETDate: Fri, 01 Nov 2019 08:19:56 GMTSet-Cookie: BIGipServerpool-pay-test-ebusnew=!H43MYGZuKzlMV2RLgCx8Rryp722D8Cw7czzmBCqXFj1ErIgG8U/v2gTKKYMi6xK8eS39Eal1WaYPkP0=; path=/36b{"MSG":{"Message":{"Version":"V3.0.0","Format":"JSON","Merchant":{"ECMerchantType":"EBUS","MerchantID":"103882200000958"},"ReturnCode":"0000","ErrorMessage":"交易成功","TrxType":"PayReq","OrderNo":"ON20140924003","PaymentURL":"http://10.230.204.198:9053/perbankold/PaymentModeNewAct.ebf?TOKEN=15160633955615206725","OrderAmount":"2.00","OneQRForAll":"https://mobile.abchina.com/mpay/mobileBank/zh_CN/EBusinessModule/BarcodeH5Act.aspx?token=15160633955615206725"},"Signature-Algorithm":"SHA1withRSA","Signature":"OMdPqGpi4e1hG4Fda5sahIhm/DoawHWk0g1SUtxD7SlUTOlStiTQRreKqqaN/uoBfJ7m/Ocf8aUAxXWiY9Ln76iwalmBuk51Rn26NH8twRspwECk4eCY8XvXJgtnHCxkVMqtAUU7c6KQMOFPTAKYRgRWvE5wu8TNVI/1Yt8a9Mk="}}<script>window.location.href='https://pay.test.abchina.com/ebusnew/Default.aspx?PaymentURL=http://10.230.204.198:9053/perbankold/PaymentModeNewAct.ebf?TOKEN=15160633955615206725';</script>
2019/11/01-16:19:17 接收报文：
2019/11/01-16:19:17 HTTP/1.1 200 OKCache-Control: privateTransfer-Encoding: chunkedContent-Type: text/html; charset=gb2312Server: Microsoft-IIS/8.5X-AspNet-Version: 4.0.30319Set-Cookie: ASP.NET_SessionId=ds2aenobvpnvbu2ba5jaxh1a; path=/; HttpOnlyX-Powered-By: ASP.NETDate: Fri, 01 Nov 2019 08:19:56 GMTSet-Cookie: BIGipServerpool-pay-test-ebusnew=!H43MYGZuKzlMV2RLgCx8Rryp722D8Cw7czzmBCqXFj1ErIgG8U/v2gTKKYMi6xK8eS39Eal1WaYPkP0=; path=/36b{"MSG":{"Message":{"Version":"V3.0.0","Format":"JSON","Merchant":{"ECMerchantType":"EBUS","MerchantID":"103882200000958"},"ReturnCode":"0000","ErrorMessage":"交易成功","TrxType":"PayReq","OrderNo":"ON20140924003","PaymentURL":"http://10.230.204.198:9053/perbankold/PaymentModeNewAct.ebf?TOKEN=15160633955615206725","OrderAmount":"2.00","OneQRForAll":"https://mobile.abchina.com/mpay/mobileBank/zh_CN/EBusinessModule/BarcodeH5Act.aspx?token=15160633955615206725"},"Signature-Algorithm":"SHA1withRSA","Signature":"OMdPqGpi4e1hG4Fda5sahIhm/DoawHWk0g1SUtxD7SlUTOlStiTQRreKqqaN/uoBfJ7m/Ocf8aUAxXWiY9Ln76iwalmBuk51Rn26NH8twRspwECk4eCY8XvXJgtnHCxkVMqtAUU7c6KQMOFPTAKYRgRWvE5wu8TNVI/1Yt8a9Mk="}}<script>window.location.href='https://pay.test.abchina.com/ebusnew/Default.aspx?PaymentURL=http://10.230.204.198:9053/perbankold/PaymentModeNewAct.ebf?TOKEN=15160633955615206725';</script>
2019/11/01-16:19:17 验证线上支付平台响应报文的签名：正确
2019/11/01-16:19:17 生成交易响应对象：
2019/11/01-16:19:17 交易结果：[0000]
2019/11/01-16:19:17 错误信息：[交易成功]
2019/11/01-16:19:17 交易结束==================================================