
2023/02/01-17:10:30 TrustPayClient Java V3.2.2 交易开始==========================
2023/02/01-17:10:30 准备提交线上支付平台请求报文：
                    {"Message":{"Version":"V3.0.0","Format":"JSON","Merchant":{"ECMerchantType":"EBUS","MerchantID":"103882200000958"},"TrxRequest":{"TrxType":"UnifiedOrderReq","CommodityType":"0101","PaymentType":"8","PaymentLinkType":"1","NotifyType":"0","ResultNotifyURL":"http://yourwebsite/appname/MerchantResult.jsp","MerchantRemarks":"","MerModelFlag":"0","SubMerchantID":"","SubMerNo":"","IsBreakAccount":"0","SplitAccTemplate":"","Order":{"PayTypeID":"MICROPAY","OrderDate":"2023/02/01","OrderTime":"17:05:11","orderTimeoutDate":"20241231000000","OrderNo":"No2023020117051109366665","CurrencyCode":"156","OrderAmount":"1.00","SubsidyAmount":"1.00","ExpiredDate":"30","AccountNo":"","OpenID":"","OrderDesc":"订单描述","ReceiverAddress":"北京","BuyIP":"","TerminalNo":"","LimitPay":"no_credit","SplitAccInfoItems":""}}},"Signature-Algorithm":"SHA1withRSA","Signature":"EUwmeCa54p+wfKrlPaMhdQtxhcHzGCCH7zpRTKUMX9kGEFfVwekOBcccObKWphGDs0aKS5QfhfIKo/HQCCCoHjhy9pQQvipGl0ABc/FaB/AE/yXuaKlvCKfzeRy05a1tfPRslszrw3PlZzCdmAOCU2GeOpp/udXVoTwokPuMmYM="}
2023/02/01-17:10:31 请求服务器地址:http://127.0.0.1:9051/ebusqr/ReceiveMerchantTrxReqServlet
2023/02/01-17:10:56 发送请求报文：成功
2023/02/01-17:10:56 解析返回报文成功，HTTP响应码:[200]，返回报文：
                    {"MSG":{"Message":{"Version":"V3.0.0","Format":"JSON","Merchant":{"ECMerchantType":"EBUS","MerchantID":"103882200000958"},"ReturnCode":"2999","ErrorMessage":"系统发生无法预期的错误","TrxType":"UnifiedOrderReq","OrderNo":"No2023020117051109366665","PaymentURL":"","QRURL":"","PrePayID":"","ThirdOrderNo":"","OrderAmount":"1.00","OpenID":"","BankType":"","APP":{"sub_appid":"","partnerid":"","prepayid":"","package":"","noncestr":"","timestamp":"","sign":""},"JSAPI":{"sub_appId":"","timeStamp":"","nonceStr":"","package":"","signType":"MD5","timestamp":"","paySign":""},"HostDate":"","HostTime":""},"Signature-Algorithm":"SHA1withRSA","Signature":"PYNm6kVL9A+V7ZVB6ZkKbBByKDD5mAT81TFGTzlJWb76qTH05gIi7e6QsjbbIFEMecw9TOx2dQugH/gRXUk7XgAbZfyPb6a7HqZcgqrBbmNpG0NdTF5iKrBW5teZmXHiJ2WBar+2sd4llX4XmSNDcmQMPMMbEsaqM+7IJuZqueA="}}
2023/02/01-17:10:56 验证线上支付平台响应报文的签名：正确
2023/02/01-17:10:56 交易结束==================================================
2023/02/01-17:14:06 TrustPayClient Java V3.2.2 交易开始==========================
2023/02/01-17:14:06 准备提交线上支付平台请求报文：
                    {"Message":{"Version":"V3.0.0","Format":"JSON","Merchant":{"ECMerchantType":"EBUS","MerchantID":"103882200000958"},"TrxRequest":{"TrxType":"UnifiedOrderReq","CommodityType":"0101","PaymentType":"8","PaymentLinkType":"1","NotifyType":"0","ResultNotifyURL":"http://yourwebsite/appname/MerchantResult.jsp","MerchantRemarks":"","MerModelFlag":"0","SubMerchantID":"","SubMerNo":"","IsBreakAccount":"0","SplitAccTemplate":"","Order":{"PayTypeID":"MICROPAY","OrderDate":"2023/02/01","OrderTime":"17:05:11","orderTimeoutDate":"20241231000000","OrderNo":"No2023020117051109366665","CurrencyCode":"156","OrderAmount":"1.00","SubsidyAmount":"1.00","ExpiredDate":"30","AccountNo":"123213443243241","OpenID":"","OrderDesc":"订单描述","ReceiverAddress":"北京","BuyIP":"","TerminalNo":"","LimitPay":"no_credit","SplitAccInfoItems":""}}},"Signature-Algorithm":"SHA1withRSA","Signature":"kQh168/g3bB6DPF3xlX90pTMozzrTRaleonyI9joUsGKAEFKgcIM5CMZCHd8w4TgQIgQyhfaify45BHlLJEvoE5QR2ERuazpYz7Z2Crzvx+60O/4/eB30tzroEQoNgdmO3NKYDPBsFTyQGaEeT5C/VXlTAiqP42jg4NvRNomqTU="}
2023/02/01-17:14:06 请求服务器地址:http://127.0.0.1:9051/ebusqr/ReceiveMerchantTrxReqServlet
2023/02/01-17:14:10 发送请求报文：成功
2023/02/01-17:14:10 解析返回报文成功，HTTP响应码:[200]，返回报文：
                    {"MSG":{"Message":{"Version":"V3.0.0","Format":"JSON","Merchant":{"ECMerchantType":"EBUS","MerchantID":"103882200000958"},"ReturnCode":"2999","ErrorMessage":"系统发生无法预期的错误","TrxType":"UnifiedOrderReq","OrderNo":"No2023020117051109366665","PaymentURL":"","QRURL":"","PrePayID":"","ThirdOrderNo":"","OrderAmount":"1.00","OpenID":"","BankType":"","APP":{"sub_appid":"","partnerid":"","prepayid":"","package":"","noncestr":"","timestamp":"","sign":""},"JSAPI":{"sub_appId":"","timeStamp":"","nonceStr":"","package":"","signType":"MD5","timestamp":"","paySign":""},"HostDate":"","HostTime":""},"Signature-Algorithm":"SHA1withRSA","Signature":"PYNm6kVL9A+V7ZVB6ZkKbBByKDD5mAT81TFGTzlJWb76qTH05gIi7e6QsjbbIFEMecw9TOx2dQugH/gRXUk7XgAbZfyPb6a7HqZcgqrBbmNpG0NdTF5iKrBW5teZmXHiJ2WBar+2sd4llX4XmSNDcmQMPMMbEsaqM+7IJuZqueA="}}
2023/02/01-17:14:10 验证线上支付平台响应报文的签名：正确
2023/02/01-17:14:10 交易结束==================================================
2023/02/01-17:21:44 TrustPayClient Java V3.2.2 交易开始==========================
2023/02/01-17:21:44 准备提交线上支付平台请求报文：
                    {"Message":{"Version":"V3.0.0","Format":"JSON","Merchant":{"ECMerchantType":"EBUS","MerchantID":"103882200000958"},"TrxRequest":{"TrxType":"AliPayOrderReq","PaymentType":"9","PaymentLinkType":"1","NotifyType":"0","ResultNotifyURL":"http://yourwebsite/appname/MerchantResult.jsp","MerchantRemarks":"","IsBreakAccount":"0","SplitAccTemplate":"","CommodityType":"0101","Order":{"PayTypeID":"ALI_PAY","ChildMerchantNo":"","OrderDate":"2023/02/01","OrderTime":"17:21:29","OrderNo":"No20230201172129334125","CurrencyCode":"156","OrderAmount":"1.00","SubsidyAmount":"1.00","ExpiredDate":"30","AccountNo":"15111224515451","OrderDesc":"订单描述","ReceiverAddress":"北京","BuyIP":"","TerminalNo":"","LimitPay":"no_credit","PC_QR_PAY_MODE":"0","WAP_QUIT_URL":"","PC_QRCODE_WIDTH":"","TIMEOUT_EXPRESS":"1d","PAYED_RETURN_URL":"your payed return url","SplitAccInfoItems":""}}},"Signature-Algorithm":"SHA1withRSA","Signature":"IsXscOrZor6cQ1uSOIT521LDTOWWu8sYfDsh7sFTbxhwvsnLmUIsyvG0tW5w136eCU5b3TWCo1mX7NN/pZ3E60EdaW+yDBmI77vifqGDCVxiILlN/xxfhiIsAW+fr1V7tsDclWBOg5ffGS998kcLiOoICWQzd7bo+SMjeTXg8vg="}
2023/02/01-17:21:44 请求服务器地址:http://127.0.0.1:9051/ebusqr/ReceiveMerchantTrxReqServlet
2023/02/01-17:21:49 发送请求报文：成功
2023/02/01-17:21:49 解析返回报文成功，HTTP响应码:[200]，返回报文：
                    {"MSG":{"Message":{"Version":"V3.0.0","Format":"JSON","Merchant":{"ECMerchantType":"EBUS","MerchantID":"103882200000958"},"ReturnCode":"2999","ErrorMessage":"系统发生无法预期的错误","TrxType":"AliPayOrderReq","OrderNo":"No20230201172129334125","PaymentURL":"","QRURL":"","PrePayID":"","OrderAmount":"1.00","ThirdReOrderNo":"","ThirdOrderNo":"","FundBillList":"","BuyerID":"","HostDate":"","HostTime":""},"Signature-Algorithm":"SHA1withRSA","Signature":"O0hahDE3bZlL0E9dQ0/GI3rF0OY3ds1LQH7yQVfTK4oVIBUhzV8S2aaZLa5aKY47JYWCoyj12+47pq3k7a1p93GoNPMc48komR0Y/Yy5gUqJ6R3CODYONDe5QHLSw18IVZEAz9poy4UTUbsoPhBrHacUXotnojHEHDONpp5LQIY="}}
2023/02/01-17:21:49 验证线上支付平台响应报文的签名：正确
2023/02/01-17:21:49 交易结束==================================================