
2023/02/07-10:11:22 TrustPayClient Java V3.2.2 交易开始==========================
2023/02/07-10:11:22 准备提交线上支付平台请求报文：
                    {"Message":{"Version":"V3.0.0","Format":"JSON","Merchant":{"ECMerchantType":"EBUS","MerchantID":"103882200000958"},"TrxRequest":{"TrxType":"UnifiedOrderReq","CommodityType":"0101","PaymentType":"8","PaymentLinkType":"1","NotifyType":"0","ResultNotifyURL":"http://yourwebsite/appname/MerchantResult.jsp","MerchantRemarks":"","MerModelFlag":"0","SubMerchantID":"","SubMerNo":"","IsBreakAccount":"0","SplitAccTemplate":"","Order":{"PayTypeID":"NATIVE","OrderDate":"2023/02/07","OrderTime":"10:11:14","orderTimeoutDate":"20171231000000","OrderNo":"No20230207101114620564","CurrencyCode":"156","OrderAmount":"1.00","SubsidyAmount":"1.00","ExpiredDate":"30","AccountNo":"21312423423","OpenID":"","OrderDesc":"订单描述","ReceiverAddress":"北京","BuyIP":"","TerminalNo":"","LimitPay":"no_credit","SplitAccInfoItems":""}}},"Signature-Algorithm":"SHA1withRSA","Signature":"E+758mdalWVtA7Jy34Hviwy74VFRo4NtSEJ7EpxXDZgmRZ7SIKHmlNgWbNWUge5sSIzgdH04Hn5vLj5FLNFpvXfC4TK6fLFGbrTQvPjVLjpOdHX6XqG9lmJ/riqFxf2KyRHkfQjhy8864/K3Lje42675JVFWKUdOeIiml+0gLkE="}
2023/02/07-10:11:22 请求服务器地址:http://127.0.0.1:9051/ebus/ReceiveMerchantTrxReqServlet
2023/02/07-10:11:33 发送请求报文：成功
2023/02/07-10:11:33 解析返回报文成功，HTTP响应码:[200]，返回报文：
                    {"MSG":{"Message":{"Version":"V3.0.0","Format":"JSON","Merchant":{"ECMerchantType":"EBUS","MerchantID":"103882200000958"},"ReturnCode":"2999","ErrorMessage":"系统发生无法预期的错误","TrxType":"UnifiedOrderReq","OrderNo":"No20230207101114620564","PaymentURL":"","QRURL":"","PrePayID":"","ThirdOrderNo":"","OrderAmount":"1.00","OpenID":"","BankType":"","APP":{"sub_appid":"","partnerid":"","prepayid":"","package":"","noncestr":"","timestamp":"","sign":""},"JSAPI":{"sub_appId":"","timeStamp":"","nonceStr":"","package":"","signType":"MD5","timestamp":"","paySign":""},"HostDate":"","HostTime":""},"Signature-Algorithm":"SHA1withRSA","Signature":"MUcFaRmT/WhMTvZx0skfyxzxApfFJ+L7a3rXiP2mZFwJ1z9ASTkADw45tK7nQu0Y7En1xwaDhkPnD2OGsxKTTzLBb/6KYbnf+Xaf1wzrz1RzXUyZBaLK+H82LC8l4+VN6X9WkYHMPYr4dGb6O+Udcsrgo6d/xfL7J1QWBlU9sRQ="}}
2023/02/07-10:11:33 验证线上支付平台响应报文的签名：正确
2023/02/07-10:11:33 交易结束==================================================
2023/02/07-10:19:54 TrustPayClient Java V3.2.2 交易开始==========================
2023/02/07-10:19:54 准备提交线上支付平台请求报文：
                    {"Message":{"Version":"V3.0.0","Format":"JSON","Merchant":{"ECMerchantType":"EBUS","MerchantID":"103882200000958"},"TrxRequest":{"TrxType":"UnifiedOrderReq","CommodityType":"0101","PaymentType":"8","PaymentLinkType":"1","NotifyType":"0","ResultNotifyURL":"http://yourwebsite/appname/MerchantResult.jsp","MerchantRemarks":"","MerModelFlag":"0","SubMerchantID":"","SubMerNo":"","IsBreakAccount":"0","SplitAccTemplate":"","Order":{"PayTypeID":"MICROPAY","OrderDate":"2023/02/07","OrderTime":"10:11:14","orderTimeoutDate":"20171231000000","OrderNo":"No20230207101114620564","CurrencyCode":"156","OrderAmount":"1.00","SubsidyAmount":"1.00","ExpiredDate":"30","AccountNo":"21312423423","OpenID":"","OrderDesc":"订单描述","ReceiverAddress":"北京","BuyIP":"","TerminalNo":"","LimitPay":"no_credit","SplitAccInfoItems":""}}},"Signature-Algorithm":"SHA1withRSA","Signature":"SM0B7yPjiM/fywE8lwlowPtLcwZnG5DS30hDDHg9A2S+CCx3uwbu5fSQ6Ew/V4gaHbVfAQJLMBjjPE4Wr2W8lgZ9SHN08Q9nVdQ7uYMwJvKlB5SBAFdbYiH99Ne3fVCsKTzP6ivlDXn00gt/p+kzBgd44B7vsJT/I213DUBOuaI="}
2023/02/07-10:19:54 请求服务器地址:http://127.0.0.1:9051/ebus/ReceiveMerchantTrxReqServlet
2023/02/07-10:19:57 发送请求报文：成功
2023/02/07-10:19:57 解析返回报文成功，HTTP响应码:[200]，返回报文：
                    {"MSG":{"Message":{"Version":"V3.0.0","Format":"JSON","Merchant":{"ECMerchantType":"EBUS","MerchantID":"103882200000958"},"ReturnCode":"2999","ErrorMessage":"系统发生无法预期的错误","TrxType":"UnifiedOrderReq","OrderNo":"No20230207101114620564","PaymentURL":"","QRURL":"","PrePayID":"","ThirdOrderNo":"","OrderAmount":"1.00","OpenID":"","BankType":"","APP":{"sub_appid":"","partnerid":"","prepayid":"","package":"","noncestr":"","timestamp":"","sign":""},"JSAPI":{"sub_appId":"","timeStamp":"","nonceStr":"","package":"","signType":"MD5","timestamp":"","paySign":""},"HostDate":"","HostTime":""},"Signature-Algorithm":"SHA1withRSA","Signature":"MUcFaRmT/WhMTvZx0skfyxzxApfFJ+L7a3rXiP2mZFwJ1z9ASTkADw45tK7nQu0Y7En1xwaDhkPnD2OGsxKTTzLBb/6KYbnf+Xaf1wzrz1RzXUyZBaLK+H82LC8l4+VN6X9WkYHMPYr4dGb6O+Udcsrgo6d/xfL7J1QWBlU9sRQ="}}
2023/02/07-10:19:57 验证线上支付平台响应报文的签名：正确
2023/02/07-10:19:57 交易结束==================================================
2023/02/07-10:21:05 TrustPayClient Java V3.2.2 交易开始==========================
2023/02/07-10:21:05 准备提交线上支付平台请求报文：
                    {"Message":{"Version":"V3.0.0","Format":"JSON","Merchant":{"ECMerchantType":"EBUS","MerchantID":"103882200000958"},"TrxRequest":{"TrxType":"UnifiedOrderReq","CommodityType":"0101","PaymentType":"8","PaymentLinkType":"1","NotifyType":"0","ResultNotifyURL":"http://yourwebsite/appname/MerchantResult.jsp","MerchantRemarks":"","MerModelFlag":"0","SubMerchantID":"","SubMerNo":"","IsBreakAccount":"0","SplitAccTemplate":"","Order":{"PayTypeID":"MICROPAY","OrderDate":"2023/02/07","OrderTime":"10:11:14","orderTimeoutDate":"20271231000000","OrderNo":"No2023020710111462056232","CurrencyCode":"156","OrderAmount":"1.00","SubsidyAmount":"1.00","ExpiredDate":"30","AccountNo":"2131244342","OpenID":"","OrderDesc":"订单描述","ReceiverAddress":"北京","BuyIP":"","TerminalNo":"","LimitPay":"no_credit","SplitAccInfoItems":""}}},"Signature-Algorithm":"SHA1withRSA","Signature":"jbAxuNEaLLV1evKd6v1NRqlCNWNNESo8IX7ZnINCdGM5Bc2oo4OoHPGtGAPEdLAvqUH4OvMEy5I4/IcSKExHmqCmA3Pn3LmdxbhJnHvhbUolwt/j11ybEMC18gTfY7JxDFYc3R/7xcLUuBEaMOrqTvUoztZ0P7PFObsfuc2A9lc="}
2023/02/07-10:21:05 请求服务器地址:http://127.0.0.1:9051/ebus/ReceiveMerchantTrxReqServlet
2023/02/07-10:21:07 发送请求报文：成功
2023/02/07-10:21:07 解析返回报文成功，HTTP响应码:[200]，返回报文：
                    {"MSG":{"Message":{"Version":"V3.0.0","Format":"JSON","Merchant":{"ECMerchantType":"EBUS","MerchantID":"103882200000958"},"ReturnCode":"2999","ErrorMessage":"系统发生无法预期的错误","TrxType":"UnifiedOrderReq","OrderNo":"No2023020710111462056232","PaymentURL":"","QRURL":"","PrePayID":"","ThirdOrderNo":"","OrderAmount":"1.00","OpenID":"","BankType":"","APP":{"sub_appid":"","partnerid":"","prepayid":"","package":"","noncestr":"","timestamp":"","sign":""},"JSAPI":{"sub_appId":"","timeStamp":"","nonceStr":"","package":"","signType":"MD5","timestamp":"","paySign":""},"HostDate":"","HostTime":""},"Signature-Algorithm":"SHA1withRSA","Signature":"Dyjw5DmV/Tfw58Rl6BiffQ/JpK8RXvEy2FR5aELY/W8Wfp+lobyLrIdSb2brvjG5vvR9YaxsnFPdiZExHWUbVdkwU0/ZMzvbDqv37l/uK9GIWTmcdBxwBlBzulCRFXMGkzmDBZ3CarvGMUIdLG/zbf5JX+y9tlJ4fMTXHO2hVMk="}}
2023/02/07-10:21:07 验证线上支付平台响应报文的签名：正确
2023/02/07-10:21:07 交易结束==================================================
2023/02/07-10:24:18 TrustPayClient Java V3.2.2 交易开始==========================
2023/02/07-10:24:18 准备提交线上支付平台请求报文：
                    {"Message":{"Version":"V3.0.0","Format":"JSON","Merchant":{"ECMerchantType":"EBUS","MerchantID":"103882200000958"},"TrxRequest":{"TrxType":"UnifiedOrderReq","CommodityType":"0101","PaymentType":"8","PaymentLinkType":"1","NotifyType":"0","ResultNotifyURL":"http://yourwebsite/appname/MerchantResult.jsp","MerchantRemarks":"","MerModelFlag":"0","SubMerchantID":"","SubMerNo":"","IsBreakAccount":"0","SplitAccTemplate":"","Order":{"PayTypeID":"MICROPAY","OrderDate":"2023/02/07","OrderTime":"10:11:14","orderTimeoutDate":"20271231000000","OrderNo":"No2023020710111462056232","CurrencyCode":"156","OrderAmount":"1.00","SubsidyAmount":"1.00","ExpiredDate":"30","AccountNo":"21312443423213","OpenID":"","OrderDesc":"订单描述","ReceiverAddress":"北京","BuyIP":"","TerminalNo":"","LimitPay":"no_credit","SplitAccInfoItems":""}}},"Signature-Algorithm":"SHA1withRSA","Signature":"KvbiLLxyN+Oa+tZlJTwMsTgiIpeo5G+IktI3Aw8C44JyhumeaI6B9cABpx29Z8b4F44ueEcx9TxDoIbqP95REekOC6WddaqVa3rTxpRka6st68hwEKDS6zUTKMmWYNw7ukHFt2sI2Pei9/Ql2uD0nadVf5S0xC4o014XzCSVsN8="}
2023/02/07-10:24:18 请求服务器地址:http://127.0.0.1:9051/ebus/ReceiveMerchantTrxReqServlet
2023/02/07-10:24:21 发送请求报文：成功
2023/02/07-10:24:21 解析返回报文成功，HTTP响应码:[200]，返回报文：
                    {"MSG":{"Message":{"Version":"V3.0.0","Format":"JSON","Merchant":{"ECMerchantType":"EBUS","MerchantID":"103882200000958"},"ReturnCode":"2999","ErrorMessage":"系统发生无法预期的错误","TrxType":"UnifiedOrderReq","OrderNo":"No2023020710111462056232","PaymentURL":"","QRURL":"","PrePayID":"","ThirdOrderNo":"","OrderAmount":"1.00","OpenID":"","BankType":"","APP":{"sub_appid":"","partnerid":"","prepayid":"","package":"","noncestr":"","timestamp":"","sign":""},"JSAPI":{"sub_appId":"","timeStamp":"","nonceStr":"","package":"","signType":"MD5","timestamp":"","paySign":""},"HostDate":"","HostTime":""},"Signature-Algorithm":"SHA1withRSA","Signature":"Dyjw5DmV/Tfw58Rl6BiffQ/JpK8RXvEy2FR5aELY/W8Wfp+lobyLrIdSb2brvjG5vvR9YaxsnFPdiZExHWUbVdkwU0/ZMzvbDqv37l/uK9GIWTmcdBxwBlBzulCRFXMGkzmDBZ3CarvGMUIdLG/zbf5JX+y9tlJ4fMTXHO2hVMk="}}
2023/02/07-10:24:21 验证线上支付平台响应报文的签名：正确
2023/02/07-10:24:21 交易结束==================================================
2023/02/07-10:24:33 TrustPayClient Java V3.2.2 交易开始==========================
2023/02/07-10:24:33 准备提交线上支付平台请求报文：
                    {"Message":{"Version":"V3.0.0","Format":"JSON","Merchant":{"ECMerchantType":"EBUS","MerchantID":"103882200000958"},"TrxRequest":{"TrxType":"UnifiedOrderReq","CommodityType":"0101","PaymentType":"8","PaymentLinkType":"1","NotifyType":"0","ResultNotifyURL":"http://yourwebsite/appname/MerchantResult.jsp","MerchantRemarks":"","MerModelFlag":"0","SubMerchantID":"","SubMerNo":"","IsBreakAccount":"0","SplitAccTemplate":"","Order":{"PayTypeID":"MICROPAY","OrderDate":"2023/02/07","OrderTime":"10:11:14","orderTimeoutDate":"20271231000000","OrderNo":"No2023020710242222","CurrencyCode":"156","OrderAmount":"1.00","SubsidyAmount":"1.00","ExpiredDate":"30","AccountNo":"21312443423213","OpenID":"","OrderDesc":"订单描述","ReceiverAddress":"北京","BuyIP":"","TerminalNo":"","LimitPay":"no_credit","SplitAccInfoItems":""}}},"Signature-Algorithm":"SHA1withRSA","Signature":"fd0KinBugt10gdx1gl0OC6vXpc5hKDKSjP2+jq0p2fSsrP7DeXuqzxanmx0Ec1zHbBR3EG3AVlzqSQGc4Qvi36B3IEaAsEk4PN9RA8FxXpAMael7/PYg1tJHfG+Qr6tsnVHvlGvWjOhZFAKpL2EB6lRJ3Ufxqfc9arM9ifPnsHM="}
2023/02/07-10:24:33 请求服务器地址:http://127.0.0.1:9051/ebus/ReceiveMerchantTrxReqServlet
2023/02/07-10:24:34 发送请求报文：成功
2023/02/07-10:24:34 解析返回报文成功，HTTP响应码:[200]，返回报文：
                    {"MSG":{"Message":{"Version":"V3.0.0","Format":"JSON","Merchant":{"ECMerchantType":"EBUS","MerchantID":"103882200000958"},"ReturnCode":"2999","ErrorMessage":"系统发生无法预期的错误","TrxType":"UnifiedOrderReq","OrderNo":"No2023020710242222","PaymentURL":"","QRURL":"","PrePayID":"","ThirdOrderNo":"","OrderAmount":"1.00","OpenID":"","BankType":"","APP":{"sub_appid":"","partnerid":"","prepayid":"","package":"","noncestr":"","timestamp":"","sign":""},"JSAPI":{"sub_appId":"","timeStamp":"","nonceStr":"","package":"","signType":"MD5","timestamp":"","paySign":""},"HostDate":"","HostTime":""},"Signature-Algorithm":"SHA1withRSA","Signature":"qXq63XZst38hGPalcILSdT56Z2khS51bXuHg2u4nqqOrUNrZotsyMlXOnUJ9SmB+E0uyXTvSrSIYwyeN0j9vvaui+r30m4rYIvzvC42Uorcsn59rwbUVMHeO3PQG5jiq7LACeUk69IUTnD/XmrrXEQ+cUezulFPuQst9LIPSD2Q="}}
2023/02/07-10:24:34 验证线上支付平台响应报文的签名：正确
2023/02/07-10:24:34 交易结束==================================================
2023/02/07-10:52:47 TrustPayClient Java V3.2.2 交易开始==========================
2023/02/07-10:52:47 准备提交线上支付平台请求报文：
                    {"Message":{"Version":"V3.0.0","Format":"JSON","Merchant":{"ECMerchantType":"EBUS","MerchantID":"103882200000958"},"TrxRequest":{"TrxType":"AliPayOrderReq","PaymentType":"9","PaymentLinkType":"1","NotifyType":"0","ResultNotifyURL":"http://yourwebsite/appname/MerchantResult.jsp","MerchantRemarks":"","IsBreakAccount":"0","SplitAccTemplate":"","CommodityType":"0101","Order":{"PayTypeID":"ALI_PAY","ChildMerchantNo":"","OrderDate":"2023/02/07","OrderTime":"10:52:15","OrderNo":"No2023020710521234","CurrencyCode":"156","OrderAmount":"1.00","SubsidyAmount":"1.00","ExpiredDate":"30","AccountNo":"2132143124","OrderDesc":"订单描述","ReceiverAddress":"北京","BuyIP":"","TerminalNo":"","LimitPay":"no_credit","PC_QR_PAY_MODE":"0","WAP_QUIT_URL":"","PC_QRCODE_WIDTH":"","TIMEOUT_EXPRESS":"1d","PAYED_RETURN_URL":"your payed return url","SplitAccInfoItems":""}}},"Signature-Algorithm":"SHA1withRSA","Signature":"jGJ73MDP1aVggCCOeTh9YNZDQgEsBC3n2NlsDpW27Rg/222xg3LS3eihTfX7SqvMhDcaRhwJIJKf22R0f94Bppvq+tJD2Qxz0RdPTrcHbEG1oZMQT7OHklk2KVYk9llo+AgxZnF9Hr/nOwXGn9oMZsBjWzwTwgesz35bGPThb/w="}
2023/02/07-10:52:47 请求服务器地址:http://127.0.0.1:9051/ebus/ReceiveMerchantTrxReqServlet
2023/02/07-10:52:49 发送请求报文：成功
2023/02/07-10:52:49 解析返回报文成功，HTTP响应码:[200]，返回报文：
                    {"MSG":{"Message":{"Version":"V3.0.0","Format":"JSON","Merchant":{"ECMerchantType":"EBUS","MerchantID":"103882200000958"},"ReturnCode":"2999","ErrorMessage":"系统发生无法预期的错误","TrxType":"AliPayOrderReq","OrderNo":"No2023020710521234","PaymentURL":"","QRURL":"","PrePayID":"","OrderAmount":"1.00","ThirdReOrderNo":"","ThirdOrderNo":"","FundBillList":"","BuyerID":"","HostDate":"","HostTime":""},"Signature-Algorithm":"SHA1withRSA","Signature":"pqWwvo5mieYWG5kglFf4oIaNUpYf6xmcusX/N40NWITzumETzJmN07rE5ubBLxheF9INqPbxzld3vYHnkq52LYt+RIzGnHU/WBHQjw9+2XEAnLfYnZUiTpbLJke56bESZMj58H9xJx4Ho5PBaHgCAD3ZBOa1AZkA3qrtreyWVaY="}}
2023/02/07-10:52:49 验证线上支付平台响应报文的签名：正确
2023/02/07-10:52:49 交易结束==================================================
2023/02/07-14:41:15 TrustPayClient Java V3.2.2 交易开始==========================
2023/02/07-14:41:15 准备提交线上支付平台请求报文：
                    {"Message":{"Version":"V3.0.0","Format":"JSON","Merchant":{"ECMerchantType":"EBUS","MerchantID":"103882200000958"},"TrxRequest":{"TrxType":"AliPayOrderReq","PaymentType":"9","PaymentLinkType":"1","NotifyType":"0","ResultNotifyURL":"http://yourwebsite/appname/MerchantResult.jsp","MerchantRemarks":"","IsBreakAccount":"0","SplitAccTemplate":"","CommodityType":"0101","Order":{"PayTypeID":"ALI_PAY","ChildMerchantNo":"","OrderDate":"2023/02/07","OrderTime":"14:41:05","OrderNo":"No20230207144105630834","CurrencyCode":"156","OrderAmount":"1.00","SubsidyAmount":"1.00","ExpiredDate":"30","AccountNo":"73284676575432","OrderDesc":"订单描述","ReceiverAddress":"北京","BuyIP":"","TerminalNo":"","LimitPay":"no_credit","PC_QR_PAY_MODE":"0","WAP_QUIT_URL":"","PC_QRCODE_WIDTH":"","TIMEOUT_EXPRESS":"1d","PAYED_RETURN_URL":"your payed return url","SplitAccInfoItems":""}}},"Signature-Algorithm":"SHA1withRSA","Signature":"clP3CKd57z3wx6BPGCCDwfaai1KgWqRhuJrt863ouJ9XMJuwhSF+i3efZQtRm58uGpUDMTdkEPiJm75Gpk11IKM+IXBX5hNedcPqYqboXn5piHPiz0a2z7/da3a/oH7L9G5XMCbDmGYbII/fgwgDSl8dgeDZ1Hff19v182rJPUI="}
2023/02/07-14:41:15 请求服务器地址:http://127.0.0.1:9051/ebus/ReceiveMerchantTrxReqServlet
2023/02/07-14:41:18 发送请求报文：成功
2023/02/07-14:41:18 解析返回报文成功，HTTP响应码:[200]，返回报文：
                    {"MSG":{"Message":{"Version":"V3.0.0","Format":"JSON","Merchant":{"ECMerchantType":"EBUS","MerchantID":"103882200000958"},"ReturnCode":"2999","ErrorMessage":"系统发生无法预期的错误","TrxType":"AliPayOrderReq","OrderNo":"No20230207144105630834","PaymentURL":"","QRURL":"","PrePayID":"","OrderAmount":"1.00","ThirdReOrderNo":"","ThirdOrderNo":"","FundBillList":"","BuyerID":"","HostDate":"","HostTime":""},"Signature-Algorithm":"SHA1withRSA","Signature":"kj6/WpzNtYS+EgZdf3skMl82EFTNSoQkAF9Q0Uuy+Q/jGMZpwvhPac4EIrtNZky/BcJ1CjBVCVn2O/7o7InnbquQnns9jDSlHidgV3LCV7zRfV/u6BbzGmT6DINtViSwFsljTC4S1cmkUmKCICiD8Jo8ZJxcp989bphCUgJzGCQ="}}
2023/02/07-14:41:18 验证线上支付平台响应报文的签名：正确
2023/02/07-14:41:18 交易结束==================================================
2023/02/07-14:44:46 TrustPayClient Java V3.2.2 交易开始==========================
2023/02/07-14:44:46 准备提交线上支付平台请求报文：
                    {"Message":{"Version":"V3.0.0","Format":"JSON","Merchant":{"ECMerchantType":"EBUS","MerchantID":"103882200000958"},"TrxRequest":{"TrxType":"AliPayOrderReq","PaymentType":"9","PaymentLinkType":"1","NotifyType":"0","ResultNotifyURL":"http://yourwebsite/appname/MerchantResult.jsp","MerchantRemarks":"","IsBreakAccount":"0","SplitAccTemplate":"","CommodityType":"0101","Order":{"PayTypeID":"ALI_PAY","ChildMerchantNo":"","OrderDate":"2023/02/07","OrderTime":"14:41:05","OrderNo":"No20230207144105630835","CurrencyCode":"156","OrderAmount":"1.00","SubsidyAmount":"1.00","ExpiredDate":"30","AccountNo":"73284676575432","OrderDesc":"订单描述","ReceiverAddress":"北京","BuyIP":"","TerminalNo":"","LimitPay":"no_credit","PC_QR_PAY_MODE":"0","WAP_QUIT_URL":"","PC_QRCODE_WIDTH":"","TIMEOUT_EXPRESS":"1d","PAYED_RETURN_URL":"your payed return url","SplitAccInfoItems":""}}},"Signature-Algorithm":"SHA1withRSA","Signature":"MMmJUoqtirRD5p5TabXORMtj+lF0pAGC4uYR51st9F4+E0ggrd/Q3kGrfZg29RQ/p1BGXHkDDIY+fu9sU0mdBCiecrYeqMNp/1BQ9t9AZpl8tuOUT9zKRDdpKZFzNCO4uwRpBNkiy6uJM1CLQSfs09EVjNnIDC/5ekGj3mQnx0s="}
2023/02/07-14:44:46 请求服务器地址:http://127.0.0.1:9051/ebus/ReceiveMerchantTrxReqServlet
2023/02/07-14:44:49 发送请求报文：成功
2023/02/07-14:44:49 解析返回报文成功，HTTP响应码:[200]，返回报文：
                    {"MSG":{"Message":{"Version":"V3.0.0","Format":"JSON","Merchant":{"ECMerchantType":"EBUS","MerchantID":"103882200000958"},"ReturnCode":"2999","ErrorMessage":"系统发生无法预期的错误","TrxType":"AliPayOrderReq","OrderNo":"No20230207144105630835","PaymentURL":"","QRURL":"","PrePayID":"","OrderAmount":"1.00","ThirdReOrderNo":"","ThirdOrderNo":"","FundBillList":"","BuyerID":"","HostDate":"","HostTime":""},"Signature-Algorithm":"SHA1withRSA","Signature":"XH2b8P5dG99Mnx+8R74s6sTlx7SovsApF00UQyWgp9i0CvYN/dTKcTsCi1WEzYvI0pFnaXO69/97fpV+M17yy2VHiBGr2YJdMs1ZRcK8MoxvEwhgo/PxRMmek2nC1ffk6aINEI+8JQzdT13oGDE3kTWz+c72X1kMdJarsUOi6VE="}}
2023/02/07-14:44:49 验证线上支付平台响应报文的签名：正确
2023/02/07-14:44:49 交易结束==================================================