
2023/02/02-14:35:28 TrustPayClient Java V3.2.2 交易开始==========================
2023/02/02-14:35:28 准备提交线上支付平台请求报文：
                    {"Message":{"Version":"V3.0.0","Format":"JSON","Merchant":{"ECMerchantType":"EBUS","MerchantID":"103882200000958"},"TrxRequest":{"TrxType":"AliPayOrderReq","PaymentType":"9","PaymentLinkType":"1","NotifyType":"0","ResultNotifyURL":"http://yourwebsite/appname/MerchantResult.jsp","MerchantRemarks":"","IsBreakAccount":"0","SplitAccTemplate":"","CommodityType":"0101","Order":{"PayTypeID":"ALI_PAY","ChildMerchantNo":"","OrderDate":"2023/02/01","OrderTime":"17:21:29","OrderNo":"No20230201172129334125","CurrencyCode":"156","OrderAmount":"1.00","SubsidyAmount":"1.00","ExpiredDate":"30","AccountNo":"15111224515451","OrderDesc":"订单描述","ReceiverAddress":"北京","BuyIP":"","TerminalNo":"","LimitPay":"no_credit","PC_QR_PAY_MODE":"0","WAP_QUIT_URL":"","PC_QRCODE_WIDTH":"","TIMEOUT_EXPRESS":"1d","PAYED_RETURN_URL":"your payed return url","SplitAccInfoItems":""}}},"Signature-Algorithm":"SHA1withRSA","Signature":"IsXscOrZor6cQ1uSOIT521LDTOWWu8sYfDsh7sFTbxhwvsnLmUIsyvG0tW5w136eCU5b3TWCo1mX7NN/pZ3E60EdaW+yDBmI77vifqGDCVxiILlN/xxfhiIsAW+fr1V7tsDclWBOg5ffGS998kcLiOoICWQzd7bo+SMjeTXg8vg="}
2023/02/02-14:35:28 请求服务器地址:http://127.0.0.1:9051/ebusqr/ReceiveMerchantTrxReqServlet
2023/02/02-14:35:31 发送请求报文：成功
2023/02/02-14:35:31 解析返回报文成功，HTTP响应码:[200]，返回报文：
                    {"MSG":{"Message":{"Version":"V3.0.0","Format":"JSON","Merchant":{"ECMerchantType":"EBUS","MerchantID":"103882200000958"},"ReturnCode":"2999","ErrorMessage":"系统发生无法预期的错误","TrxType":"AliPayOrderReq","OrderNo":"No20230201172129334125","PaymentURL":"","QRURL":"","PrePayID":"","OrderAmount":"1.00","ThirdReOrderNo":"","ThirdOrderNo":"","FundBillList":"","BuyerID":"","HostDate":"","HostTime":""},"Signature-Algorithm":"SHA1withRSA","Signature":"O0hahDE3bZlL0E9dQ0/GI3rF0OY3ds1LQH7yQVfTK4oVIBUhzV8S2aaZLa5aKY47JYWCoyj12+47pq3k7a1p93GoNPMc48komR0Y/Yy5gUqJ6R3CODYONDe5QHLSw18IVZEAz9poy4UTUbsoPhBrHacUXotnojHEHDONpp5LQIY="}}
2023/02/02-14:35:31 验证线上支付平台响应报文的签名：正确
2023/02/02-14:35:31 交易结束==================================================
2023/02/02-15:13:10 TrustPayClient Java V3.2.2 交易开始==========================
2023/02/02-15:13:10 准备提交线上支付平台请求报文：
                    {"Message":{"Version":"V3.0.0","Format":"JSON","Merchant":{"ECMerchantType":"EBUS","MerchantID":"103882200000958"},"TrxRequest":{"TrxType":"AliPayOrderReq","PaymentType":"9","PaymentLinkType":"1","NotifyType":"0","ResultNotifyURL":"http://yourwebsite/appname/MerchantResult.jsp","MerchantRemarks":"","IsBreakAccount":"0","SplitAccTemplate":"","CommodityType":"0101","Order":{"PayTypeID":"ALI_PAY","ChildMerchantNo":"","OrderDate":"2023/02/01","OrderTime":"17:21:29","OrderNo":"No20230201172129334123","CurrencyCode":"156","OrderAmount":"1.00","SubsidyAmount":"1.00","ExpiredDate":"30","AccountNo":"15111224515451","OrderDesc":"订单描述","ReceiverAddress":"北京","BuyIP":"","TerminalNo":"","LimitPay":"no_credit","PC_QR_PAY_MODE":"0","WAP_QUIT_URL":"","PC_QRCODE_WIDTH":"","TIMEOUT_EXPRESS":"1d","PAYED_RETURN_URL":"your payed return url","SplitAccInfoItems":""}}},"Signature-Algorithm":"SHA1withRSA","Signature":"QNXb3atBFTZJGXsTD+XdvUdWdqT4A0KPNNS5wXTi4EA4Aa4Wth3aYyxfllDp/XgHXtpMaa8sUzMLq6XknC/s7ZMLX/v417aJn/69liFP+3rOQPPLMDs1hH5Peb06uxnPv/9Xjxhq2F5WDx2qP6XkJ6Cllit75O6WSzlVnGVZHf4="}
2023/02/02-15:13:10 请求服务器地址:http://127.0.0.1:9051/ebusqr/ReceiveMerchantTrxReqServlet
2023/02/02-15:13:18 发送请求报文：成功
2023/02/02-15:13:18 解析返回报文成功，HTTP响应码:[200]，返回报文：
                    {"MSG":{"Message":{"Version":"V3.0.0","Format":"JSON","Merchant":{"ECMerchantType":"EBUS","MerchantID":"103882200000958"},"ReturnCode":"2999","ErrorMessage":"系统发生无法预期的错误","TrxType":"AliPayOrderReq","OrderNo":"No20230201172129334123","PaymentURL":"","QRURL":"","PrePayID":"","OrderAmount":"1.00","ThirdReOrderNo":"","ThirdOrderNo":"","FundBillList":"","BuyerID":"","HostDate":"","HostTime":""},"Signature-Algorithm":"SHA1withRSA","Signature":"l0AqcUAzgwPY+G+cQYsWTlwopg/t75rKZG2ncztHN6lUnLlgR3UiAIslZW7KpV8pwouq2j4xcQd0y3dUHIz9zUctoYxx/eh5Wokmq8w4gewKHnVYZmGp/fsVIuuQQaVWwSMJpWuGeVfPaevWkE6l6v2UKOzPi68KDRJaYm29IWE="}}
2023/02/02-15:13:18 验证线上支付平台响应报文的签名：正确
2023/02/02-15:13:18 交易结束==================================================
2023/02/02-15:17:55 TrustPayClient Java V3.2.2 交易开始==========================
2023/02/02-15:17:55 准备提交线上支付平台请求报文：
                    {"Message":{"Version":"V3.0.0","Format":"JSON","Merchant":{"ECMerchantType":"EBUS","MerchantID":"103882200000958"},"TrxRequest":{"TrxType":"AliPayOrderReq","PaymentType":"9","PaymentLinkType":"1","NotifyType":"0","ResultNotifyURL":"http://yourwebsite/appname/MerchantResult.jsp","MerchantRemarks":"","IsBreakAccount":"0","SplitAccTemplate":"","CommodityType":"0101","Order":{"PayTypeID":"ALI_PAY","ChildMerchantNo":"","OrderDate":"2023/02/01","OrderTime":"17:21:29","OrderNo":"No20230201172129334123","CurrencyCode":"156","OrderAmount":"1.00","SubsidyAmount":"1.00","ExpiredDate":"30","AccountNo":"15111224515451","OrderDesc":"订单描述","ReceiverAddress":"北京","BuyIP":"","TerminalNo":"","LimitPay":"no_credit","PC_QR_PAY_MODE":"0","WAP_QUIT_URL":"","PC_QRCODE_WIDTH":"","TIMEOUT_EXPRESS":"1d","PAYED_RETURN_URL":"your payed return url","SplitAccInfoItems":""}}},"Signature-Algorithm":"SHA1withRSA","Signature":"QNXb3atBFTZJGXsTD+XdvUdWdqT4A0KPNNS5wXTi4EA4Aa4Wth3aYyxfllDp/XgHXtpMaa8sUzMLq6XknC/s7ZMLX/v417aJn/69liFP+3rOQPPLMDs1hH5Peb06uxnPv/9Xjxhq2F5WDx2qP6XkJ6Cllit75O6WSzlVnGVZHf4="}
2023/02/02-15:17:55 请求服务器地址:http://127.0.0.1:9051/ebusqr/ReceiveMerchantTrxReqServlet
2023/02/02-15:17:57 发送请求报文：成功
2023/02/02-15:17:57 解析返回报文成功，HTTP响应码:[200]，返回报文：
                    {"MSG":{"Message":{"Version":"V3.0.0","Format":"JSON","Merchant":{"ECMerchantType":"EBUS","MerchantID":"103882200000958"},"ReturnCode":"2999","ErrorMessage":"系统发生无法预期的错误","TrxType":"AliPayOrderReq","OrderNo":"No20230201172129334123","PaymentURL":"","QRURL":"","PrePayID":"","OrderAmount":"1.00","ThirdReOrderNo":"","ThirdOrderNo":"","FundBillList":"","BuyerID":"","HostDate":"","HostTime":""},"Signature-Algorithm":"SHA1withRSA","Signature":"l0AqcUAzgwPY+G+cQYsWTlwopg/t75rKZG2ncztHN6lUnLlgR3UiAIslZW7KpV8pwouq2j4xcQd0y3dUHIz9zUctoYxx/eh5Wokmq8w4gewKHnVYZmGp/fsVIuuQQaVWwSMJpWuGeVfPaevWkE6l6v2UKOzPi68KDRJaYm29IWE="}}
2023/02/02-15:17:57 验证线上支付平台响应报文的签名：正确
2023/02/02-15:17:57 交易结束==================================================
2023/02/02-15:18:28 TrustPayClient Java V3.2.2 交易开始==========================
2023/02/02-15:18:28 准备提交线上支付平台请求报文：
                    {"Message":{"Version":"V3.0.0","Format":"JSON","Merchant":{"ECMerchantType":"EBUS","MerchantID":"103882200000958"},"TrxRequest":{"TrxType":"AliPayOrderReq","PaymentType":"9","PaymentLinkType":"1","NotifyType":"0","ResultNotifyURL":"http://yourwebsite/appname/MerchantResult.jsp","MerchantRemarks":"","IsBreakAccount":"0","SplitAccTemplate":"","CommodityType":"0101","Order":{"PayTypeID":"ALI_PAY","ChildMerchantNo":"","OrderDate":"2023/02/01","OrderTime":"17:21:29","OrderNo":"No2023020215181122","CurrencyCode":"156","OrderAmount":"1.00","SubsidyAmount":"1.00","ExpiredDate":"30","AccountNo":"15111224515451","OrderDesc":"订单描述","ReceiverAddress":"北京","BuyIP":"","TerminalNo":"","LimitPay":"no_credit","PC_QR_PAY_MODE":"0","WAP_QUIT_URL":"","PC_QRCODE_WIDTH":"","TIMEOUT_EXPRESS":"1d","PAYED_RETURN_URL":"your payed return url","SplitAccInfoItems":""}}},"Signature-Algorithm":"SHA1withRSA","Signature":"jNtu/rtCJ7cKoOsLbJ67AuDBaD4eLw5j/tB7GZsn8+mskM+VjxzuXbINqPxRxEpg+f7yDgodMweoApNcPxp0oYr3+lB9IlcvgGg38ybFzn59b/RSf1f4mXk2bqfqcEYBzqNDWdPks7fnlC8apLsLa9/2ax+NMEXPHV+Qea2G9Yg="}
2023/02/02-15:18:28 请求服务器地址:http://127.0.0.1:9051/ebusqr/ReceiveMerchantTrxReqServlet
2023/02/02-15:18:31 发送请求报文：成功
2023/02/02-15:18:31 解析返回报文成功，HTTP响应码:[200]，返回报文：
                    {"MSG":{"Message":{"Version":"V3.0.0","Format":"JSON","Merchant":{"ECMerchantType":"EBUS","MerchantID":"103882200000958"},"ReturnCode":"2999","ErrorMessage":"系统发生无法预期的错误","TrxType":"AliPayOrderReq","OrderNo":"No2023020215181122","PaymentURL":"","QRURL":"","PrePayID":"","OrderAmount":"1.00","ThirdReOrderNo":"","ThirdOrderNo":"","FundBillList":"","BuyerID":"","HostDate":"","HostTime":""},"Signature-Algorithm":"SHA1withRSA","Signature":"XD5PT9/SAud1oFtYtHchCubped2rd1Y50vAgcZEVM77cprAQz9koxG9DedGcBeSa1obNi8gDjvtadGpzcrXkC/ws4FOfgdU2cj1f5Zz1fwqSl2oYqp7K3XL2ARs5aEpK6icWWlcQGJlkzqDVM5kfSKLaapz6X4A10SsojjKqivg="}}
2023/02/02-15:18:31 验证线上支付平台响应报文的签名：正确
2023/02/02-15:18:31 交易结束==================================================
2023/02/02-15:21:45 TrustPayClient Java V3.2.2 交易开始==========================
2023/02/02-15:21:45 准备提交线上支付平台请求报文：
                    {"Message":{"Version":"V3.0.0","Format":"JSON","Merchant":{"ECMerchantType":"EBUS","MerchantID":"103882200000958"},"TrxRequest":{"TrxType":"AliPayOrderReq","PaymentType":"9","PaymentLinkType":"1","NotifyType":"0","ResultNotifyURL":"http://yourwebsite/appname/MerchantResult.jsp","MerchantRemarks":"","IsBreakAccount":"0","SplitAccTemplate":"","CommodityType":"0101","Order":{"PayTypeID":"ALI_PAY","ChildMerchantNo":"","OrderDate":"2023/02/01","OrderTime":"17:21:29","OrderNo":"No2023020215181123","CurrencyCode":"156","OrderAmount":"1.00","SubsidyAmount":"1.00","ExpiredDate":"30","AccountNo":"15111224515451","OrderDesc":"订单描述","ReceiverAddress":"北京","BuyIP":"","TerminalNo":"","LimitPay":"no_credit","PC_QR_PAY_MODE":"0","WAP_QUIT_URL":"","PC_QRCODE_WIDTH":"","TIMEOUT_EXPRESS":"1d","PAYED_RETURN_URL":"your payed return url","SplitAccInfoItems":""}}},"Signature-Algorithm":"SHA1withRSA","Signature":"AhT9B3CdH8gbx/en2efTGMASd+P0Jtw98XcILb6lWkYiwr8J7XgTIMaKORcuoJe9P/sf9sbWLC6NKsVcK+LvB1IoU0XLX91EVEK5SEGbY6O0xXp5V2MU0D5wGPAIUtLBam/RdTovPct7hh6we76hT/GkWvBZOqgl4CiUbg7MUik="}
2023/02/02-15:21:45 请求服务器地址:http://127.0.0.1:9051/ebusqr/ReceiveMerchantTrxReqServlet
2023/02/02-15:21:48 发送请求报文：成功
2023/02/02-15:21:48 解析返回报文成功，HTTP响应码:[200]，返回报文：
                    {"MSG":{"Message":{"Version":"V3.0.0","Format":"JSON","Merchant":{"ECMerchantType":"EBUS","MerchantID":"103882200000958"},"ReturnCode":"2999","ErrorMessage":"系统发生无法预期的错误","TrxType":"AliPayOrderReq","OrderNo":"No2023020215181123","PaymentURL":"","QRURL":"","PrePayID":"","OrderAmount":"1.00","ThirdReOrderNo":"","ThirdOrderNo":"","FundBillList":"","BuyerID":"","HostDate":"","HostTime":""},"Signature-Algorithm":"SHA1withRSA","Signature":"hzO7nrIeoCtHZ84FIZQZWdFqdkq8FwpOYjRj9lFOZvWTA7JUywNiV5i2r755bPY7jEn9pQ70viG+sa7HoCyXWYj4xhCBWePj0/kb/WFixrIrYE6Epi9Eh7pDFNE3Agjnqq2i05LK4OuWnwSvfN372Cp6konaOD8vykgEyORY8JA="}}
2023/02/02-15:21:48 验证线上支付平台响应报文的签名：正确
2023/02/02-15:21:48 交易结束==================================================
2023/02/02-15:27:21 TrustPayClient Java V3.2.2 交易开始==========================
2023/02/02-15:27:21 准备提交线上支付平台请求报文：
                    {"Message":{"Version":"V3.0.0","Format":"JSON","Merchant":{"ECMerchantType":"EBUS","MerchantID":"103882200000958"},"TrxRequest":{"TrxType":"AliPayOrderReq","PaymentType":"9","PaymentLinkType":"1","NotifyType":"0","ResultNotifyURL":"http://yourwebsite/appname/MerchantResult.jsp","MerchantRemarks":"","IsBreakAccount":"0","SplitAccTemplate":"","CommodityType":"0101","Order":{"PayTypeID":"ALI_PAY","ChildMerchantNo":"","OrderDate":"2023/02/01","OrderTime":"17:21:29","OrderNo":"No2023020215181123","CurrencyCode":"156","OrderAmount":"1.00","SubsidyAmount":"1.00","ExpiredDate":"30","AccountNo":"15111224515451","OrderDesc":"订单描述","ReceiverAddress":"北京","BuyIP":"","TerminalNo":"1245","LimitPay":"no_credit","PC_QR_PAY_MODE":"0","WAP_QUIT_URL":"","PC_QRCODE_WIDTH":"","TIMEOUT_EXPRESS":"1d","PAYED_RETURN_URL":"your payed return url","SplitAccInfoItems":""}}},"Signature-Algorithm":"SHA1withRSA","Signature":"iHxZr8XUhHz1ZBpsTkb/YAiuZ2Ry8gkOc4etdRczwa9Y77BXUm1Pa18SY4zSI2rRk/KtPW+fKqxtLnKlGMyfYZFClMThAM1xitDsucfpThlNU36YxSIdhp+1j9TZ5E/ElEdLFuGIeR7zM7ZddgfIQceCpg5pGpC8Ck0xapsd784="}
2023/02/02-15:27:21 请求服务器地址:http://127.0.0.1:9051/ebusqr/ReceiveMerchantTrxReqServlet
2023/02/02-15:27:23 发送请求报文：成功
2023/02/02-15:27:23 解析返回报文成功，HTTP响应码:[200]，返回报文：
                    {"MSG":{"Message":{"Version":"V3.0.0","Format":"JSON","Merchant":{"ECMerchantType":"EBUS","MerchantID":"103882200000958"},"ReturnCode":"2999","ErrorMessage":"系统发生无法预期的错误","TrxType":"AliPayOrderReq","OrderNo":"No2023020215181123","PaymentURL":"","QRURL":"","PrePayID":"","OrderAmount":"1.00","ThirdReOrderNo":"","ThirdOrderNo":"","FundBillList":"","BuyerID":"","HostDate":"","HostTime":""},"Signature-Algorithm":"SHA1withRSA","Signature":"hzO7nrIeoCtHZ84FIZQZWdFqdkq8FwpOYjRj9lFOZvWTA7JUywNiV5i2r755bPY7jEn9pQ70viG+sa7HoCyXWYj4xhCBWePj0/kb/WFixrIrYE6Epi9Eh7pDFNE3Agjnqq2i05LK4OuWnwSvfN372Cp6konaOD8vykgEyORY8JA="}}
2023/02/02-15:27:23 验证线上支付平台响应报文的签名：正确
2023/02/02-15:27:23 交易结束==================================================
2023/02/02-16:20:18 TrustPayClient Java V3.2.2 交易开始==========================
2023/02/02-16:20:18 准备提交线上支付平台请求报文：
                    {"Message":{"Version":"V3.0.0","Format":"JSON","Merchant":{"ECMerchantType":"EBUS","MerchantID":"103882200000958"},"TrxRequest":{"TrxType":"MigrateSubMerToOtherSubject","FromMerchantNo":"103882200000965","FromSubMerchantNo":"456742","CustomToSubMerchantNo":""}},"Signature-Algorithm":"SHA1withRSA","Signature":"KTl6Y2hAHBN7f8m8GJARx7keLM5Nve0H6PUDGvOAy/wIde4dhuSdYmWg2P+qAbnYh2VhFj1F4MD+6LqMIQbfbPET4yK5+WAmkKnFMS/rHmMx2ZtDs2MfbFlrHADu2h1g/4/ryOelTGM2jvtpT0w76zMDppwPt9APR+yIfwioL2g="}
2023/02/02-16:20:18 请求服务器地址:http://127.0.0.1:9051/ebusqr/ReceiveMerchantTrxReqServlet
2023/02/02-16:20:18 发送请求报文：成功
2023/02/02-16:20:18 解析返回报文成功，HTTP响应码:[200]，返回报文：
                    {"MSG":{"Message":{"Version":"V3.0.0","Format":"JSON","Merchant":{"ECMerchantType":"EBUS","MerchantID":"103882200000958"},"TrxResponse":{"ReturnCode":"2999","ErrorMessage":"系统发生无法预期的错误","SubMerchantAccNo":""}},"Signature-Algorithm":"SHA1withRSA","Signature":"auiepnQAoq5JWDt9DIM75OoTBCwRVKQqfocw+W3l1735G/fChwUXKzAJvXhJ+Rrw9cY2Myui+7q+WC+mN6qVBg7El6RlObJD1afffj42kbBF6eIqxm0/wJ9w26yadRKnjbYQsuQvlNc4SR7z4fwDbqMIeNwFF/ebZCoGMCGkjzc="}}
2023/02/02-16:20:18 验证线上支付平台响应报文的签名：正确
2023/02/02-16:20:18 交易结束==================================================