
2023/02/23-09:18:55 TrustPayClient Java V3.2.2 交易开始==========================
2023/02/23-09:18:55 准备提交线上支付平台请求报文：
                    {"Message":{"Version":"V3.0.0","Format":"JSON","Merchant":{"ECMerchantType":"EBUS","MerchantID":"103882200000958"},"TrxRequest":{"TrxType":"Refund","OrderDate":"2023/02/23","OrderTime":"09:18:10","OrderNo":"zcyutfuzj414P11677033182338979","NewOrderNo":"zcyutfuzj414R11677051091509575","CurrencyCode":"156","TrxAmount":"0.01","MerchantRemarks":"","MerRefundAccountNo":"","MerRefundAccountName":"","MerRefundAccountFlag":""}},"Signature-Algorithm":"SHA1withRSA","Signature":"PtAqcyGU/rXeHCge2dmpIBbM+H5xrTGFvsneQXhuLtBu3lhLp15W7U4uQWn1+oMysF9cdUsyC/iYTRYj2xKc8/m7G1PTeFUaAyrmdwPmRLL/swFeWyfu7U4/ikfVlEr46Ko/y6au6eZZBjg0HkTB+Xz9ZkJjixa9i4zyFTQPKRM="}
2023/02/23-09:18:55 请求服务器地址:http://127.0.0.1:9051/ebus/ReceiveMerchantTrxReqServlet
2023/02/23-09:18:55 发送请求报文：成功
2023/02/23-09:18:55 解析返回报文成功，HTTP响应码:[200]，返回报文：
                    {"MSG":{"Message":{"Version":"V3.0.0","Format":"JSON","Merchant":{"ECMerchantType":"EBUS","MerchantID":"103882200000958"},"TrxResponse":{"ReturnCode":"2999","ErrorMessage":"系统发生无法预期的错误","TrxType":"Refund","OrderNo":"zcyutfuzj414P11677033182338979","NewOrderNo":"zcyutfuzj414R11677051091509575","TrxAmount":"0.01","BatchNo":"","VoucherNo":"","HostDate":"","HostTime":"","iRspRef":""}},"Signature-Algorithm":"SHA1withRSA","Signature":"HV2oGHzYGD1Vy1RI97bljPS6nhDtxqbtywfPILeH2f68gkEPMf2XhJjCjxyWKanWcpNjNU9IbYRmQrNT79ZvVPOj5TDJ8LQA4GBFEfjU5wfyNY3XqVlh44OJlMNo7tF29GsvS0L9LGl08trggZchW5UM/jy9PpaxT/ireGUq4us="}}
2023/02/23-09:18:55 验证线上支付平台响应报文的签名：正确
2023/02/23-09:18:55 交易结束==================================================
2023/02/23-09:20:18 TrustPayClient Java V3.2.2 交易开始==========================
2023/02/23-09:20:18 准备提交线上支付平台请求报文：
                    {"Message":{"Version":"V3.0.0","Format":"JSON","Merchant":{"ECMerchantType":"EBUS","MerchantID":"103882200000958"},"TrxRequest":{"TrxType":"Refund","OrderDate":"2023/02/22","OrderTime":"09:18:10","OrderNo":"zcyutfuzj414P11677033182338979","NewOrderNo":"zcyutfuzj414R11677051091509575","CurrencyCode":"156","TrxAmount":"0.01","MerchantRemarks":"","MerRefundAccountNo":"","MerRefundAccountName":"","MerRefundAccountFlag":""}},"Signature-Algorithm":"SHA1withRSA","Signature":"gg7ZYrzkNb8vu5JG55ETquYogqR6ht+NwmlC1jxv2POkfr0581c4aZNAVi51oBV5eAzpE1AX2Nd+HUFYX4ZT9NHjTX0nf2nMvZrz/vjYAkn+A3yIcVb5fFuIRZBIZJItS2M51dQK9rrnnOVOCCH3o5bnZ6Lt/1sb4CWD1BLnj/c="}
2023/02/23-09:20:18 请求服务器地址:http://127.0.0.1:9051/ebus/ReceiveMerchantTrxReqServlet
2023/02/23-09:20:18 发送请求报文：成功
2023/02/23-09:20:18 解析返回报文成功，HTTP响应码:[200]，返回报文：
                    {"MSG":{"Message":{"Version":"V3.0.0","Format":"JSON","Merchant":{"ECMerchantType":"EBUS","MerchantID":"103882200000958"},"TrxResponse":{"ReturnCode":"2999","ErrorMessage":"系统发生无法预期的错误","TrxType":"Refund","OrderNo":"zcyutfuzj414P11677033182338979","NewOrderNo":"zcyutfuzj414R11677051091509575","TrxAmount":"0.01","BatchNo":"","VoucherNo":"","HostDate":"","HostTime":"","iRspRef":""}},"Signature-Algorithm":"SHA1withRSA","Signature":"HV2oGHzYGD1Vy1RI97bljPS6nhDtxqbtywfPILeH2f68gkEPMf2XhJjCjxyWKanWcpNjNU9IbYRmQrNT79ZvVPOj5TDJ8LQA4GBFEfjU5wfyNY3XqVlh44OJlMNo7tF29GsvS0L9LGl08trggZchW5UM/jy9PpaxT/ireGUq4us="}}
2023/02/23-09:20:18 验证线上支付平台响应报文的签名：正确
2023/02/23-09:20:18 交易结束==================================================
2023/02/23-14:38:23 TrustPayClient Java V3.2.2 交易开始==========================
2023/02/23-14:38:23 准备提交线上支付平台请求报文：
                    {"Message":{"Version":"V3.0.0","Format":"JSON","Merchant":{"ECMerchantType":"EBUS","MerchantID":"103882200000958"},"TrxRequest":{"TrxType":"AliPayOrderReq","PaymentType":"9","PaymentLinkType":"1","NotifyType":"0","ResultNotifyURL":"http://yourwebsite/appname/MerchantResult.jsp","MerchantRemarks":"","IsBreakAccount":"0","SplitAccTemplate":"","CommodityType":"0101","Order":{"PayTypeID":"ALI_PC","ChildMerchantNo":"","OrderDate":"2023/02/23","OrderTime":"14:38:10","OrderNo":"No20230223143810367116","CurrencyCode":"156","OrderAmount":"1.00","SubsidyAmount":"1.00","ExpiredDate":"30","AccountNo":"","OrderDesc":"订单描述","ReceiverAddress":"北京","BuyIP":"","TerminalNo":"","LimitPay":"no_credit","PC_QR_PAY_MODE":"0","WAP_QUIT_URL":"","PC_QRCODE_WIDTH":"","TIMEOUT_EXPRESS":"1d","PAYED_RETURN_URL":"your payed return url","SplitAccInfoItems":""}}},"Signature-Algorithm":"SHA1withRSA","Signature":"Hc+y7AU9fU11cIx0KD40W3cZzxoMGt6zlSIGRwwjWISGjGDFmM20xqd18ngA04T3zWBTw1G0P9ERSn8j4IehCj1Y7B2lA8EYi33No3QyhYp5Z9c1of4LcDO5DJ3BnKgORsJQTcBqeeoSwWwPechjczN+eboHNtVGYUHrOsXJpfc="}
2023/02/23-14:38:23 请求服务器地址:http://127.0.0.1:9051/ebus/ReceiveMerchantTrxReqServlet
2023/02/23-14:38:30 发送请求报文：成功
2023/02/23-14:38:30 解析返回报文成功，HTTP响应码:[200]，返回报文：
                    {"MSG":{"Message":{"Version":"V3.0.0","Format":"JSON","Merchant":{"ECMerchantType":"EBUS","MerchantID":"103882200000958"},"ReturnCode":"2999","ErrorMessage":"系统发生无法预期的错误","TrxType":"AliPayOrderReq","OrderNo":"No20230223143810367116","PaymentURL":"","QRURL":"","PrePayID":"","OrderAmount":"1.00","ThirdReOrderNo":"","ThirdOrderNo":"","FundBillList":"","BuyerID":"","HostDate":"","HostTime":""},"Signature-Algorithm":"SHA1withRSA","Signature":"fSoXF/7/bCMBHFv9zfKNwKnctjgAXR03MnS54WIthrgOhdcnh1Vb0GFlF45APtUZtKP9PcaL16aIPLTKWiAc/XaIUersz3xV5Jut9imU7aw5XUM7hoCEnUsCw5QKYEhVFrm9cN9rHTyIaLuJeYJdiHgmhiH8BNL9kWozPBsZQi4="}}
2023/02/23-14:38:30 验证线上支付平台响应报文的签名：正确
2023/02/23-14:38:30 交易结束==================================================
2023/02/23-15:34:40 TrustPayClient Java V3.2.2 交易开始==========================
2023/02/23-15:34:40 准备提交线上支付平台请求报文：
                    {"Message":{"Version":"V3.0.0","Format":"JSON","Merchant":{"ECMerchantType":"EBUS","MerchantID":"103882200000958"},"TrxRequest":{"TrxType":"AliPayOrderReq","PaymentType":"9","PaymentLinkType":"1","NotifyType":"0","ResultNotifyURL":"http://yourwebsite/appname/MerchantResult.jsp","MerchantRemarks":"","IsBreakAccount":"0","SplitAccTemplate":"","CommodityType":"0101","Order":{"PayTypeID":"ALI_PC","ChildMerchantNo":"","OrderDate":"2023/02/23","OrderTime":"15:34:38","OrderNo":"No20230223153438498919","CurrencyCode":"156","OrderAmount":"1.00","SubsidyAmount":"1.00","ExpiredDate":"30","AccountNo":"","OrderDesc":"订单描述","ReceiverAddress":"北京","BuyIP":"","TerminalNo":"","LimitPay":"no_credit","PC_QR_PAY_MODE":"0","WAP_QUIT_URL":"","PC_QRCODE_WIDTH":"","TIMEOUT_EXPRESS":"1d","PAYED_RETURN_URL":"your payed return url","SplitAccInfoItems":""}}},"Signature-Algorithm":"SHA1withRSA","Signature":"lVMV5TCQVl79ftytVK1ylCymcSz20rK9PbLdkriYH2waq60eOpWG+pqQ6WLbi5kF8LqUMucEfAxr/m+rycqnmbKcAd/hW659zgbrHWkTQb+bnW/L/PQxx9MwTrcbC1sUsLMqj0C8YiHg8KLIQtsSijk63j9TI1lYkTqcs5wcHZc="}
2023/02/23-15:34:40 请求服务器地址:http://127.0.0.1:9051/ebus/ReceiveMerchantTrxReqServlet
2023/02/23-15:34:47 发送请求报文：成功
2023/02/23-15:34:47 解析返回报文成功，HTTP响应码:[200]，返回报文：
                    {"MSG":{"Message":{"Version":"V3.0.0","Format":"JSON","Merchant":{"ECMerchantType":"EBUS","MerchantID":"103882200000958"},"ReturnCode":"2999","ErrorMessage":"系统发生无法预期的错误","TrxType":"AliPayOrderReq","OrderNo":"No20230223153438498919","PaymentURL":"","QRURL":"","PrePayID":"","OrderAmount":"1.00","ThirdReOrderNo":"","ThirdOrderNo":"","FundBillList":"","BuyerID":"","HostDate":"","HostTime":""},"Signature-Algorithm":"SHA1withRSA","Signature":"Pc4pi4anwuDnzkN2tHTuWm1ZMWO/6nWtTFkuFuoPQiXCYQCLlVY29SuZlUA4RT76dymWM2N/qiciH3AnKIAV3tXTM1OjlYq8gVPawjnMrapHgY3NaizSSLg/ztCcyYgx7Hb9ar974NrFu+v20LzQFXQJIWgCX2gikjjZVTSoBLo="}}
2023/02/23-15:34:47 验证线上支付平台响应报文的签名：正确
2023/02/23-15:34:47 交易结束==================================================
2023/02/23-15:38:24 TrustPayClient Java V3.2.2 交易开始==========================
2023/02/23-15:38:24 准备提交线上支付平台请求报文：
                    {"Message":{"Version":"V3.0.0","Format":"JSON","Merchant":{"ECMerchantType":"EBUS","MerchantID":"103882200000958"},"TrxRequest":{"TrxType":"AliPayOrderReq","PaymentType":"9","PaymentLinkType":"1","NotifyType":"0","ResultNotifyURL":"http://yourwebsite/appname/MerchantResult.jsp","MerchantRemarks":"","IsBreakAccount":"0","SplitAccTemplate":"","CommodityType":"0599","Order":{"PayTypeID":"ALI_PRECREATE","ChildMerchantNo":"","OrderDate":"2023/02/23","OrderTime":"15:34:38","OrderNo":"No20230223153438498919","CurrencyCode":"156","OrderAmount":"1.00","SubsidyAmount":"1.00","ExpiredDate":"30","AccountNo":"","OrderDesc":"订单描述","ReceiverAddress":"北京","BuyIP":"","TerminalNo":"","LimitPay":"no_credit","PC_QR_PAY_MODE":"0","WAP_QUIT_URL":"","PC_QRCODE_WIDTH":"","TIMEOUT_EXPRESS":"1d","PAYED_RETURN_URL":"your payed return url","SplitAccInfoItems":""}}},"Signature-Algorithm":"SHA1withRSA","Signature":"TPcfMd0yWJON1YpTVP/z2+1czQRyA8/XptKmCIUxjyUmbHc/YVwNveOhL8xgRHPiROcPB4OZaKVEYDY6SNfZRJa4FGa0FoW8kMs9OUshwu6kyRG05caW9hxuNXi9YXIazXsjVeUk8CzLXAcRTIV14JzDvZn3Qkhf/6wxiM8E1aI="}
2023/02/23-15:38:24 请求服务器地址:http://127.0.0.1:9051/ebus/ReceiveMerchantTrxReqServlet
2023/02/23-15:38:24 发送请求报文：成功
2023/02/23-15:38:24 解析返回报文成功，HTTP响应码:[200]，返回报文：
                    {"MSG":{"Message":{"Version":"V3.0.0","Format":"JSON","Merchant":{"ECMerchantType":"EBUS","MerchantID":"103882200000958"},"ReturnCode":"2999","ErrorMessage":"系统发生无法预期的错误","TrxType":"AliPayOrderReq","OrderNo":"No20230223153438498919","PaymentURL":"","QRURL":"","PrePayID":"","OrderAmount":"1.00","ThirdReOrderNo":"","ThirdOrderNo":"","FundBillList":"","BuyerID":"","HostDate":"","HostTime":""},"Signature-Algorithm":"SHA1withRSA","Signature":"Pc4pi4anwuDnzkN2tHTuWm1ZMWO/6nWtTFkuFuoPQiXCYQCLlVY29SuZlUA4RT76dymWM2N/qiciH3AnKIAV3tXTM1OjlYq8gVPawjnMrapHgY3NaizSSLg/ztCcyYgx7Hb9ar974NrFu+v20LzQFXQJIWgCX2gikjjZVTSoBLo="}}
2023/02/23-15:38:24 验证线上支付平台响应报文的签名：正确
2023/02/23-15:38:24 交易结束==================================================
2023/02/23-15:39:55 TrustPayClient Java V3.2.2 交易开始==========================
2023/02/23-15:39:55 准备提交线上支付平台请求报文：
                    {"Message":{"Version":"V3.0.0","Format":"JSON","Merchant":{"ECMerchantType":"EBUS","MerchantID":"103882200000958"},"TrxRequest":{"TrxType":"AliPayOrderReq","PaymentType":"9","PaymentLinkType":"1","NotifyType":"0","ResultNotifyURL":"http://yourwebsite/appname/MerchantResult.jsp","MerchantRemarks":"","IsBreakAccount":"0","SplitAccTemplate":"","CommodityType":"0599","Order":{"PayTypeID":"ALI_PRECREATE","ChildMerchantNo":"","OrderDate":"2023/02/23","OrderTime":"15:34:38","OrderNo":"No20230223153438498919","CurrencyCode":"156","OrderAmount":"1.00","SubsidyAmount":"1.00","ExpiredDate":"30","AccountNo":"","OrderDesc":"订单描述","ReceiverAddress":"北京","BuyIP":"","TerminalNo":"9FECEP01134257070611","LimitPay":"no_credit","PC_QR_PAY_MODE":"0","WAP_QUIT_URL":"","PC_QRCODE_WIDTH":"","TIMEOUT_EXPRESS":"1d","PAYED_RETURN_URL":"your payed return url","SplitAccInfoItems":""}}},"Signature-Algorithm":"SHA1withRSA","Signature":"S41LDxplvrJNB2JBLk7s09Shk8CfIuXTXZoE+HKEUToE7yqy5O3xhUmv87uSzX+ie6ft6sHovAPRihHsGA3tjCMG8v9L0ab7MsLp75XacQBPbkV19hyMt2Swl/advy2tc2KStON35pwrsxUjKp+46k1AilLkmtwpsFVS6fkcPnM="}
2023/02/23-15:39:55 请求服务器地址:http://127.0.0.1:9051/ebus/ReceiveMerchantTrxReqServlet
2023/02/23-15:39:55 发送请求报文：成功
2023/02/23-15:39:55 解析返回报文成功，HTTP响应码:[200]，返回报文：
                    {"MSG":{"Message":{"Version":"V3.0.0","Format":"JSON","Merchant":{"ECMerchantType":"EBUS","MerchantID":"103882200000958"},"ReturnCode":"2999","ErrorMessage":"系统发生无法预期的错误","TrxType":"AliPayOrderReq","OrderNo":"No20230223153438498919","PaymentURL":"","QRURL":"","PrePayID":"","OrderAmount":"1.00","ThirdReOrderNo":"","ThirdOrderNo":"","FundBillList":"","BuyerID":"","HostDate":"","HostTime":""},"Signature-Algorithm":"SHA1withRSA","Signature":"Pc4pi4anwuDnzkN2tHTuWm1ZMWO/6nWtTFkuFuoPQiXCYQCLlVY29SuZlUA4RT76dymWM2N/qiciH3AnKIAV3tXTM1OjlYq8gVPawjnMrapHgY3NaizSSLg/ztCcyYgx7Hb9ar974NrFu+v20LzQFXQJIWgCX2gikjjZVTSoBLo="}}
2023/02/23-15:39:55 验证线上支付平台响应报文的签名：正确
2023/02/23-15:39:55 交易结束==================================================
2023/02/23-15:40:43 TrustPayClient Java V3.2.2 交易开始==========================
2023/02/23-15:40:43 准备提交线上支付平台请求报文：
                    {"Message":{"Version":"V3.0.0","Format":"JSON","Merchant":{"ECMerchantType":"EBUS","MerchantID":"103882200000958"},"TrxRequest":{"TrxType":"AliPayOrderReq","PaymentType":"9","PaymentLinkType":"1","NotifyType":"0","ResultNotifyURL":"http://yourwebsite/appname/MerchantResult.jsp","MerchantRemarks":"","IsBreakAccount":"0","SplitAccTemplate":"","CommodityType":"0599","Order":{"PayTypeID":"ALI_PRECREATE","ChildMerchantNo":"","OrderDate":"2023/02/23","OrderTime":"15:34:38","OrderNo":"No20230223153438498919","CurrencyCode":"156","OrderAmount":"1.00","SubsidyAmount":"1.00","ExpiredDate":"30","AccountNo":"","OrderDesc":"订单描述","ReceiverAddress":"北京","BuyIP":"","TerminalNo":"C9ECEP01210615906491","LimitPay":"no_credit","PC_QR_PAY_MODE":"0","WAP_QUIT_URL":"","PC_QRCODE_WIDTH":"","TIMEOUT_EXPRESS":"1d","PAYED_RETURN_URL":"your payed return url","SplitAccInfoItems":""}}},"Signature-Algorithm":"SHA1withRSA","Signature":"eIpBXBDC+L1nMYHQ++PdoR5w4w2NVrK+NQgeOZtSRqRYGL3ofgyZPse/+tfcUAq8/V5FwaHAfIpOJQ/JWd23vbMDDRWftpzyZD6a4lUjgCtVNpwVFj4y/k6k2yQFaChUqF3t0N0C3JoTUdAp4In7PlYM/SpLMmXQ+zUTu8YSjbY="}
2023/02/23-15:40:43 请求服务器地址:http://127.0.0.1:9051/ebus/ReceiveMerchantTrxReqServlet
2023/02/23-15:40:43 发送请求报文：成功
2023/02/23-15:40:43 解析返回报文成功，HTTP响应码:[200]，返回报文：
                    {"MSG":{"Message":{"Version":"V3.0.0","Format":"JSON","Merchant":{"ECMerchantType":"EBUS","MerchantID":"103882200000958"},"ReturnCode":"2999","ErrorMessage":"系统发生无法预期的错误","TrxType":"AliPayOrderReq","OrderNo":"No20230223153438498919","PaymentURL":"","QRURL":"","PrePayID":"","OrderAmount":"1.00","ThirdReOrderNo":"","ThirdOrderNo":"","FundBillList":"","BuyerID":"","HostDate":"","HostTime":""},"Signature-Algorithm":"SHA1withRSA","Signature":"Pc4pi4anwuDnzkN2tHTuWm1ZMWO/6nWtTFkuFuoPQiXCYQCLlVY29SuZlUA4RT76dymWM2N/qiciH3AnKIAV3tXTM1OjlYq8gVPawjnMrapHgY3NaizSSLg/ztCcyYgx7Hb9ar974NrFu+v20LzQFXQJIWgCX2gikjjZVTSoBLo="}}
2023/02/23-15:40:43 验证线上支付平台响应报文的签名：正确
2023/02/23-15:40:43 交易结束==================================================
2023/02/23-15:40:49 TrustPayClient Java V3.2.2 交易开始==========================
2023/02/23-15:40:49 准备提交线上支付平台请求报文：
                    {"Message":{"Version":"V3.0.0","Format":"JSON","Merchant":{"ECMerchantType":"EBUS","MerchantID":"103882200000958"},"TrxRequest":{"TrxType":"AliPayOrderReq","PaymentType":"9","PaymentLinkType":"1","NotifyType":"0","ResultNotifyURL":"http://yourwebsite/appname/MerchantResult.jsp","MerchantRemarks":"","IsBreakAccount":"0","SplitAccTemplate":"","CommodityType":"0599","Order":{"PayTypeID":"ALI_PRECREATE","ChildMerchantNo":"","OrderDate":"2023/02/23","OrderTime":"15:34:38","OrderNo":"No20230223153438498919","CurrencyCode":"156","OrderAmount":"1.00","SubsidyAmount":"1.00","ExpiredDate":"30","AccountNo":"","OrderDesc":"订单描述","ReceiverAddress":"北京","BuyIP":"","TerminalNo":"C9ECEP01210615906491","LimitPay":"no_credit","PC_QR_PAY_MODE":"0","WAP_QUIT_URL":"","PC_QRCODE_WIDTH":"","TIMEOUT_EXPRESS":"1d","PAYED_RETURN_URL":"your payed return url","SplitAccInfoItems":""}}},"Signature-Algorithm":"SHA1withRSA","Signature":"eIpBXBDC+L1nMYHQ++PdoR5w4w2NVrK+NQgeOZtSRqRYGL3ofgyZPse/+tfcUAq8/V5FwaHAfIpOJQ/JWd23vbMDDRWftpzyZD6a4lUjgCtVNpwVFj4y/k6k2yQFaChUqF3t0N0C3JoTUdAp4In7PlYM/SpLMmXQ+zUTu8YSjbY="}
2023/02/23-15:40:49 请求服务器地址:http://127.0.0.1:9051/ebus/ReceiveMerchantTrxReqServlet
2023/02/23-15:40:49 发送请求报文：成功
2023/02/23-15:40:49 解析返回报文成功，HTTP响应码:[200]，返回报文：
                    {"MSG":{"Message":{"Version":"V3.0.0","Format":"JSON","Merchant":{"ECMerchantType":"EBUS","MerchantID":"103882200000958"},"ReturnCode":"2999","ErrorMessage":"系统发生无法预期的错误","TrxType":"AliPayOrderReq","OrderNo":"No20230223153438498919","PaymentURL":"","QRURL":"","PrePayID":"","OrderAmount":"1.00","ThirdReOrderNo":"","ThirdOrderNo":"","FundBillList":"","BuyerID":"","HostDate":"","HostTime":""},"Signature-Algorithm":"SHA1withRSA","Signature":"Pc4pi4anwuDnzkN2tHTuWm1ZMWO/6nWtTFkuFuoPQiXCYQCLlVY29SuZlUA4RT76dymWM2N/qiciH3AnKIAV3tXTM1OjlYq8gVPawjnMrapHgY3NaizSSLg/ztCcyYgx7Hb9ar974NrFu+v20LzQFXQJIWgCX2gikjjZVTSoBLo="}}
2023/02/23-15:40:49 验证线上支付平台响应报文的签名：正确
2023/02/23-15:40:49 交易结束==================================================
2023/02/23-15:41:29 TrustPayClient Java V3.2.2 交易开始==========================
2023/02/23-15:41:29 准备提交线上支付平台请求报文：
                    {"Message":{"Version":"V3.0.0","Format":"JSON","Merchant":{"ECMerchantType":"EBUS","MerchantID":"103882200000958"},"TrxRequest":{"TrxType":"AliPayOrderReq","PaymentType":"9","PaymentLinkType":"1","NotifyType":"0","ResultNotifyURL":"http://yourwebsite/appname/MerchantResult.jsp","MerchantRemarks":"","IsBreakAccount":"0","SplitAccTemplate":"","CommodityType":"0599","Order":{"PayTypeID":"ALI_PRECREATE","ChildMerchantNo":"","OrderDate":"2023/02/23","OrderTime":"15:41:20","OrderNo":"No20230223154120893212","CurrencyCode":"156","OrderAmount":"1.00","SubsidyAmount":"1.00","ExpiredDate":"30","AccountNo":"","OrderDesc":"订单描述","ReceiverAddress":"北京","BuyIP":"","TerminalNo":"C9ECEP01210615906491","LimitPay":"no_credit","PC_QR_PAY_MODE":"0","WAP_QUIT_URL":"","PC_QRCODE_WIDTH":"","TIMEOUT_EXPRESS":"1d","PAYED_RETURN_URL":"your payed return url","SplitAccInfoItems":""}}},"Signature-Algorithm":"SHA1withRSA","Signature":"EvBZP/PWDZsVppky47qpLct37zlHTczv4OV+bHwZ4SqsuzXeNsMIJafbAp/fj67+j2hlgDXJLj8pL5Mu/fbLUaZhCfHxCiDg2B6JjcDj0bzEoQojrcD1shzcub/7ohTW/MHU2mGYfLjmYF0OfFTuUdfIeW1KdnNMKZSdeczNXP0="}
2023/02/23-15:41:29 请求服务器地址:http://127.0.0.1:9051/ebus/ReceiveMerchantTrxReqServlet
2023/02/23-15:41:29 发送请求报文：成功
2023/02/23-15:41:29 解析返回报文成功，HTTP响应码:[200]，返回报文：
                    {"MSG":{"Message":{"Version":"V3.0.0","Format":"JSON","Merchant":{"ECMerchantType":"EBUS","MerchantID":"103882200000958"},"ReturnCode":"2999","ErrorMessage":"系统发生无法预期的错误","TrxType":"AliPayOrderReq","OrderNo":"No20230223154120893212","PaymentURL":"","QRURL":"","PrePayID":"","OrderAmount":"1.00","ThirdReOrderNo":"","ThirdOrderNo":"","FundBillList":"","BuyerID":"","HostDate":"","HostTime":""},"Signature-Algorithm":"SHA1withRSA","Signature":"qEqM7O4kMlN7WlN46QqyLVPpSXJX6WRKOBLZODwAsOZa8Mb3LmkEddHBv4ZLpV0+OWbWeGwy9piGTzzfmScTfwz65WNaLrMq505fGPRWr39sMfh1PCvxn/bpMW03yqRXomKS214nAl+2cewrBMYLZ7xOuXptT2M5dP2WJKgq9Nc="}}
2023/02/23-15:41:29 验证线上支付平台响应报文的签名：正确
2023/02/23-15:41:29 交易结束==================================================