
2023/02/06-10:20:00 TrustPayClient Java V3.2.2 交易开始==========================
2023/02/06-10:20:00 准备提交线上支付平台请求报文：
                    {"Message":{"Version":"V3.0.0","Format":"JSON","Merchant":{"ECMerchantType":"EBUS","MerchantID":"103881909990705"},"TrxRequest":{"PaymentType":"A","PaymentLinkType":"1","ReceiveAccount":"","ReceiveAccName":"","NotifyType":"0","ResultNotifyURL":"http://yourwebsite/appname/MerchantResult.jsp","MerchantRemarks":"","IsBreakAccount":"0","SplitAccTemplate":"","TrxType":"ScanPayOrderReq","Order":{"PayTypeID":"ImmediatePay","OrderDate":"2023/02/06","OrderTime":"10:19:59","orderTimeoutDate":"20171231000000","OrderNo":"No20230206101959571192","CurrencyCode":"156","OrderAmount":"1.00","SubsidyAmount":"1.00","Fee":"","AccountNo":"","OrderDesc":"","OrderURL":"","ReceiverAddress":"北京","InstallmentMark":"0","CommodityType":"0101","BuyIP":"127.0.0.1","ExpiredDate":"30","OrderItems":[{"ProductName":"中国移动IP卡"}],"SplitAccInfoItems":"","TerminalNo":""}}},"Signature-Algorithm":"SHA1withRSA","Signature":"umG4j1dGJzebbXFhWrzxuwWG/AYKXw7SNx88gk8c7G6qCK5esXiAowudiy8WBs2OeUI5svIF75boVZhq5Aef17/IRF3GpKMEBYhYe3aP7eCEm26ReTCpDjWlXOeRgMUUFO2t2kU8s4Xt2DvMcNHc+mo/L9mPFQX/+2Ui6HJBr9I="}
2023/02/06-10:20:00 请求服务器地址:https://pay.abchina.com/ebus/ReceiveMerchantTrxReqServlet
2023/02/06-10:20:00 发送请求报文：成功
2023/02/06-10:20:00 解析返回报文成功，HTTP响应码:[200]，返回报文：
                    {"MSG":{"Message":{"Version":"V3.0.0","Format":"JSON","Common":{"Channel":""},"Merchant":{"ECMerchantType":"EBUS","MerchantID":"103881909990705"},"ReturnCode":"AP7745","ErrorMessage":"该终端号未在当前商户维护，请联系银行工作人员前往网络金融运营管理平台进行维护","TrxType":"ScanPayOrderReq","OrderNo":"No20230206101959571192","OrderAmount":"1.00","ScanPayQRURL":""},"Signature-Algorithm":"SHA1withRSA","Signature":"J2TxoiP81nFOWfc6wqK4vci3uznR3jS3IEaASV/KLaqamrOCMl157+BrQ24hV2kYSTHcfLvcG31UblBTg/7anUDq4G+ir45LD9bjbm8maMVKfRe6OGSkSizpZJuzVNgy0YAtEeHPoGB3XDEd70wyH/S79Tb8NNCwYatWlgbPq7k="}}
2023/02/06-10:20:00 验证线上支付平台响应报文的签名：正确
2023/02/06-10:20:00 交易结束==================================================
2023/02/06-10:20:18 TrustPayClient Java V3.2.2 交易开始==========================
2023/02/06-10:20:18 准备提交线上支付平台请求报文：
                    {"Message":{"Version":"V3.0.0","Format":"JSON","Merchant":{"ECMerchantType":"EBUS","MerchantID":"103881909990705"},"TrxRequest":{"PaymentType":"A","PaymentLinkType":"1","ReceiveAccount":"","ReceiveAccName":"","NotifyType":"0","ResultNotifyURL":"http://yourwebsite/appname/MerchantResult.jsp","MerchantRemarks":"","IsBreakAccount":"0","SplitAccTemplate":"","TrxType":"ScanPayOrderReq","Order":{"PayTypeID":"ImmediatePay","OrderDate":"2023/02/06","OrderTime":"10:19:59","orderTimeoutDate":"20171231000000","OrderNo":"No20230206101959571192","CurrencyCode":"156","OrderAmount":"1.00","SubsidyAmount":"1.00","Fee":"","AccountNo":"","OrderDesc":"","OrderURL":"","ReceiverAddress":"北京","InstallmentMark":"0","CommodityType":"0101","BuyIP":"127.0.0.1","ExpiredDate":"30","OrderItems":[{"ProductName":"中国移动IP卡"}],"SplitAccInfoItems":"","TerminalNo":"TEST103881909990705"}}},"Signature-Algorithm":"SHA1withRSA","Signature":"dCmsvB4TY0Yy29FBEty0cKJ0lf6oZFhFsaSeicnU17pw8KAUKSJMHOAp4ayHb/kN3Puz6LWXFi9IA2rZyTkG1/9pIJInMIVY3api23Je/nSJD5Smpn71slLf9wE6s1gw/MubSKR9sgkI5yB3Ikh0FAJxyKkm4kiGFH+PG7a0Ywk="}
2023/02/06-10:20:18 请求服务器地址:https://pay.abchina.com/ebus/ReceiveMerchantTrxReqServlet
2023/02/06-10:20:18 发送请求报文：成功
2023/02/06-10:20:18 解析返回报文成功，HTTP响应码:[200]，返回报文：
                    {"MSG":{"Message":{"Version":"V3.0.0","Format":"JSON","Common":{"Channel":""},"Merchant":{"ECMerchantType":"EBUS","MerchantID":"103881909990705"},"ReturnCode":"0000","ErrorMessage":"交易成功","TrxType":"ScanPayOrderReq","OrderNo":"No20230206101959571192","OrderAmount":"1.00","ScanPayQRURL":"https://mobile.abchina.com/mpay/mobileBank/zh_CN/EBusinessModule/BarcodeH5Act.aspx?token=16756500183410398215"},"Signature-Algorithm":"SHA1withRSA","Signature":"QaLkPbhJaqTXof4JLt79hx5edzPozo6b/FVzSsOZL0FzTA0EQoOiB7q8yEmAPNsmzklCEaZe2nr+Kt0NZUZoHNEI0ElPaX2xMrvvxgkdSU6Ay8QF5M3Gu8vfA9XLNVlEQU1g6ZBWP5b4DfTxECABF0Yui00+Gsp3AnVw6o/LbuA="}}
2023/02/06-10:20:18 验证线上支付平台响应报文的签名：正确
2023/02/06-10:20:18 交易结束==================================================
2023/02/06-10:22:23 TrustPayClient Java V3.2.2 交易开始==========================
2023/02/06-10:22:23 准备提交线上支付平台请求报文：
                    {"Message":{"Version":"V3.0.0","Format":"JSON","Merchant":{"ECMerchantType":"EBUS","MerchantID":"103881909990705"},"TrxRequest":{"PaymentType":"A","PaymentLinkType":"1","ReceiveAccount":"","ReceiveAccName":"","NotifyType":"0","ResultNotifyURL":"http://yourwebsite/appname/MerchantResult.jsp","MerchantRemarks":"","IsBreakAccount":"0","SplitAccTemplate":"","TrxType":"OLScanPayOrderReq","Order":{"PayTypeID":"OLScanPay","OrderDate":"2023/02/06","OrderTime":"10:22:19","orderTimeoutDate":"20231231000000","OrderNo":"No20230206102219140555","CurrencyCode":"156","OrderAmount":"1.00","SubsidyAmount":"1.00","Fee":"","AccountNo":"","OrderDesc":"","OrderURL":"","ReceiverAddress":"北京","InstallmentMark":"0","CommodityType":"0101","BuyIP":"127.0.0.1","ExpiredDate":"30","OrderItems":[{"ProductName":"中国移动IP卡"}],"SplitAccInfoItems":""}}},"Signature-Algorithm":"SHA1withRSA","Signature":"LGBDfgWW8z2o+vdRAopFfuEcyyniMTZfEipazHnaAksZjIHcgW3IEbFHP7OmzhRH4lYezZfPWyfVpZt583fUlV7JP3FmtDUT2AFOOdV3KTI7CHr6Pe+JFFl+p2+vc4SI/VrsXkSa7CZmxIvTleN7OWrMn8xMLg+3cG3LOd+dnJk="}
2023/02/06-10:22:23 请求服务器地址:https://pay.abchina.com/ebus/ReceiveMerchantTrxReqServlet
2023/02/06-10:22:23 发送请求报文：成功
2023/02/06-10:22:23 解析返回报文成功，HTTP响应码:[200]，返回报文：
                    {"MSG":{"Message":{"Version":"V3.0.0","Format":"JSON","Common":{"Channel":""},"Merchant":{"ECMerchantType":"EBUS","MerchantID":"103881909990705"},"ReturnCode":"0000","ErrorMessage":"交易成功","TrxType":"OLScanPayOrderReq","OrderNo":"No20230206102219140555","ScanPayQRURL":"https://mobile.abchina.com/mpay/mobileBank/zh_CN/EBusinessModule/BarcodeH5Act.aspx?token=16756501436477099188","OrderAmount":"1.00"},"Signature-Algorithm":"SHA1withRSA","Signature":"F3L9MBvqt4LifSeHAY8F7RxLsAsX8zVBxHuCDbNy5c6BNyoHKWJPDtW0FJVb0L4ZSpRWd0fI9Lo/Fpz9WCYHt0zHHtghFot6ift0wSqdOj9lTLcWEXCwC7OyBYCIU9dBl45PWM7rqxVU+PP03OErLeGW7DB++hSBeMgRHXrWxjo="}}
2023/02/06-10:22:23 验证线上支付平台响应报文的签名：正确
2023/02/06-10:22:23 交易结束==================================================
2023/02/06-17:17:36 TrustPayClient Java V3.2.2 交易开始==========================
2023/02/06-17:17:36 准备提交线上支付平台请求报文：
                    {"Message":{"Version":"V3.0.0","Format":"JSON","Merchant":{"ECMerchantType":"EBUS","MerchantID":"103882200000958"},"TrxRequest":{"TrxType":"UnifiedOrderReq","CommodityType":"0101","PaymentType":"8","PaymentLinkType":"1","NotifyType":"0","ResultNotifyURL":"http://yourwebsite/appname/MerchantResult.jsp","MerchantRemarks":"","MerModelFlag":"0","SubMerchantID":"","SubMerNo":"","IsBreakAccount":"0","SplitAccTemplate":"","Order":{"PayTypeID":"NATIVE","OrderDate":"2023/02/06","OrderTime":"17:17:26","orderTimeoutDate":"20171231000000","OrderNo":"No20230206171726427454","CurrencyCode":"156","OrderAmount":"1.00","SubsidyAmount":"1.00","ExpiredDate":"30","AccountNo":"2334234212412","OpenID":"","OrderDesc":"订单描述","ReceiverAddress":"北京","BuyIP":"","TerminalNo":"","LimitPay":"no_credit","SplitAccInfoItems":""}}},"Signature-Algorithm":"SHA1withRSA","Signature":"pL5d/RgCDxwz0I99INIPBYjGwi9+H085Z4tEfBHcfeziPXCYU5Ryj/2hYOjbwNm07wuRMYpBS2moj9R9eB1717hHhwQqvy1tXV0Cyuzimj98KOH//qCFH15PICvEXjjzTcCC6vPA8iZpgkvlHK0dSu31PoRRBx5cunq+RcXpMLE="}
2023/02/06-17:17:36 请求服务器地址:http://127.0.0.1:9051/ebus/ReceiveMerchantTrxReqServlet
2023/02/06-17:18:15 发送请求报文：成功
2023/02/06-17:18:15 解析返回报文成功，HTTP响应码:[200]，返回报文：
                    {"MSG":{"Message":{"Version":"V3.0.0","Format":"JSON","Merchant":{"ECMerchantType":"EBUS","MerchantID":"103882200000958"},"ReturnCode":"2999","ErrorMessage":"系统发生无法预期的错误","TrxType":"UnifiedOrderReq","OrderNo":"No20230206171726427454","PaymentURL":"","QRURL":"","PrePayID":"","ThirdOrderNo":"","OrderAmount":"1.00","OpenID":"","BankType":"","APP":{"sub_appid":"","partnerid":"","prepayid":"","package":"","noncestr":"","timestamp":"","sign":""},"JSAPI":{"sub_appId":"","timeStamp":"","nonceStr":"","package":"","signType":"MD5","timestamp":"","paySign":""},"HostDate":"","HostTime":""},"Signature-Algorithm":"SHA1withRSA","Signature":"hS6zxWyDsmfF8VWFw0uO+wQ+A/3AjUNWagE8W6ELwWkY0hQZ0b/mxCWyzxWxfMk59ardF2WSp8z1XlZmffkQEySLyerdXY4d0slSvSDO13UNqKX6vsQg6Wnk0UTbPiJ/uu6vCsP0Ngr0aOzisgYXtvtHFLZwKHnzhHGqk0GVUGM="}}
2023/02/06-17:18:15 验证线上支付平台响应报文的签名：正确
2023/02/06-17:18:15 交易结束==================================================
2023/02/06-17:55:35 TrustPayClient Java V3.2.2 交易开始==========================
2023/02/06-17:55:35 准备提交线上支付平台请求报文：
                    {"Message":{"Version":"V3.0.0","Format":"JSON","Merchant":{"ECMerchantType":"EBUS","MerchantID":"103882200000958"},"TrxRequest":{"TrxType":"UnifiedOrderReq","CommodityType":"0101","PaymentType":"8","PaymentLinkType":"1","NotifyType":"0","ResultNotifyURL":"http://yourwebsite/appname/MerchantResult.jsp","MerchantRemarks":"","MerModelFlag":"0","SubMerchantID":"","SubMerNo":"","IsBreakAccount":"0","SplitAccTemplate":"","Order":{"PayTypeID":"NATIVE","OrderDate":"2023/02/06","OrderTime":"17:17:26","orderTimeoutDate":"20171231000000","OrderNo":"No20230206171726427454","CurrencyCode":"156","OrderAmount":"1.00","SubsidyAmount":"1.00","ExpiredDate":"30","AccountNo":"2334234212412","OpenID":"","OrderDesc":"订单描述","ReceiverAddress":"北京","BuyIP":"","TerminalNo":"","LimitPay":"no_credit","SplitAccInfoItems":""}}},"Signature-Algorithm":"SHA1withRSA","Signature":"pL5d/RgCDxwz0I99INIPBYjGwi9+H085Z4tEfBHcfeziPXCYU5Ryj/2hYOjbwNm07wuRMYpBS2moj9R9eB1717hHhwQqvy1tXV0Cyuzimj98KOH//qCFH15PICvEXjjzTcCC6vPA8iZpgkvlHK0dSu31PoRRBx5cunq+RcXpMLE="}
2023/02/06-17:55:35 请求服务器地址:http://127.0.0.1:9051/ebus/ReceiveMerchantTrxReqServlet
2023/02/06-17:55:38 发送请求报文：成功
2023/02/06-17:55:38 解析返回报文成功，HTTP响应码:[200]，返回报文：
                    {"MSG":{"Message":{"Version":"V3.0.0","Format":"JSON","Merchant":{"ECMerchantType":"EBUS","MerchantID":"103882200000958"},"ReturnCode":"2999","ErrorMessage":"系统发生无法预期的错误","TrxType":"UnifiedOrderReq","OrderNo":"No20230206171726427454","PaymentURL":"","QRURL":"","PrePayID":"","ThirdOrderNo":"","OrderAmount":"1.00","OpenID":"","BankType":"","APP":{"sub_appid":"","partnerid":"","prepayid":"","package":"","noncestr":"","timestamp":"","sign":""},"JSAPI":{"sub_appId":"","timeStamp":"","nonceStr":"","package":"","signType":"MD5","timestamp":"","paySign":""},"HostDate":"","HostTime":""},"Signature-Algorithm":"SHA1withRSA","Signature":"hS6zxWyDsmfF8VWFw0uO+wQ+A/3AjUNWagE8W6ELwWkY0hQZ0b/mxCWyzxWxfMk59ardF2WSp8z1XlZmffkQEySLyerdXY4d0slSvSDO13UNqKX6vsQg6Wnk0UTbPiJ/uu6vCsP0Ngr0aOzisgYXtvtHFLZwKHnzhHGqk0GVUGM="}}
2023/02/06-17:55:38 验证线上支付平台响应报文的签名：正确
2023/02/06-17:55:38 交易结束==================================================
2023/02/06-17:56:45 TrustPayClient Java V3.2.2 交易开始==========================
2023/02/06-17:56:45 准备提交线上支付平台请求报文：
                    {"Message":{"Version":"V3.0.0","Format":"JSON","Merchant":{"ECMerchantType":"EBUS","MerchantID":"103882200000958"},"TrxRequest":{"TrxType":"UnifiedOrderReq","CommodityType":"0101","PaymentType":"8","PaymentLinkType":"1","NotifyType":"0","ResultNotifyURL":"http://yourwebsite/appname/MerchantResult.jsp","MerchantRemarks":"","MerModelFlag":"0","SubMerchantID":"","SubMerNo":"","IsBreakAccount":"0","SplitAccTemplate":"","Order":{"PayTypeID":"NATIVE","OrderDate":"2023/02/06","OrderTime":"17:17:26","orderTimeoutDate":"20271231000000","OrderNo":"No20230206171726427454","CurrencyCode":"156","OrderAmount":"1.00","SubsidyAmount":"1.00","ExpiredDate":"30","AccountNo":"2334234212412","OpenID":"","OrderDesc":"订单描述","ReceiverAddress":"北京","BuyIP":"","TerminalNo":"","LimitPay":"no_credit","SplitAccInfoItems":""}}},"Signature-Algorithm":"SHA1withRSA","Signature":"rlLzmlYaSqnbiIrlwwgWCsfOlftCS2lDoxQroPJ2NbRwMbFq2v9FtlVZq72UZhNpt2T/by7qu49G09l/DNe9V/26vbUx/n2UAzBkaAY8mkbVYHEvZpwiJfXSYcO/mOAWoRsBbRGcXOIVwMnXd9lo0YjXSOoRvl6nquDIk8iMITE="}
2023/02/06-17:56:45 请求服务器地址:http://127.0.0.1:9051/ebus/ReceiveMerchantTrxReqServlet
2023/02/06-17:56:45 发送请求报文：成功
2023/02/06-17:56:45 解析返回报文成功，HTTP响应码:[200]，返回报文：
                    {"MSG":{"Message":{"Version":"V3.0.0","Format":"JSON","Merchant":{"ECMerchantType":"EBUS","MerchantID":"103882200000958"},"ReturnCode":"2999","ErrorMessage":"系统发生无法预期的错误","TrxType":"UnifiedOrderReq","OrderNo":"No20230206171726427454","PaymentURL":"","QRURL":"","PrePayID":"","ThirdOrderNo":"","OrderAmount":"1.00","OpenID":"","BankType":"","APP":{"sub_appid":"","partnerid":"","prepayid":"","package":"","noncestr":"","timestamp":"","sign":""},"JSAPI":{"sub_appId":"","timeStamp":"","nonceStr":"","package":"","signType":"MD5","timestamp":"","paySign":""},"HostDate":"","HostTime":""},"Signature-Algorithm":"SHA1withRSA","Signature":"hS6zxWyDsmfF8VWFw0uO+wQ+A/3AjUNWagE8W6ELwWkY0hQZ0b/mxCWyzxWxfMk59ardF2WSp8z1XlZmffkQEySLyerdXY4d0slSvSDO13UNqKX6vsQg6Wnk0UTbPiJ/uu6vCsP0Ngr0aOzisgYXtvtHFLZwKHnzhHGqk0GVUGM="}}
2023/02/06-17:56:45 验证线上支付平台响应报文的签名：正确
2023/02/06-17:56:45 交易结束==================================================